This is pdfTeX, Version 3.141592653-2.6-1.40.22 (TeX Live 2022/dev/Debian) (preloaded format=pdflatex 2023.6.1)  5 FEB 2024 16:08
entering extended mode
 \write18 enabled.
 %&-line parsing enabled.
**tebd_update.tex
(./tebd_update.tex
LaTeX2e <2021-11-15> patch level 1
L3 programming layer <2022-01-21>
(/usr/share/texlive/texmf-dist/tex/latex/base/article.cls
Document Class: article 2021/10/04 v1.4n Standard LaTeX document class
(/usr/share/texlive/texmf-dist/tex/latex/base/size10.clo
File: size10.clo 2021/10/04 v1.4n Standard LaTeX file (size option)
)
\c@part=\count185
\c@section=\count186
\c@subsection=\count187
\c@subsubsection=\count188
\c@paragraph=\count189
\c@subparagraph=\count190
\c@figure=\count191
\c@table=\count192
\abovecaptionskip=\skip47
\belowcaptionskip=\skip48
\bibindent=\dimen138
)
(/usr/share/texlive/texmf-dist/tex/latex/svg/svg.sty
Package: svg 2020/11/26 v2.02k (include SVG pictures)

(/usr/share/texlive/texmf-dist/tex/generic/iftex/iftex.sty
Package: iftex 2020/03/06 v1.0d TeX engine tests
)
(/usr/share/texlive/texmf-dist/tex/latex/koma-script/scrbase.sty
Package: scrbase 2021/11/13 v3.35 KOMA-Script package (KOMA-Script-independent 
basics and keyval usage)

(/usr/share/texlive/texmf-dist/tex/latex/koma-script/scrlfile.sty
Package: scrlfile 2021/11/13 v3.35 KOMA-Script package (file load hooks)

(/usr/share/texlive/texmf-dist/tex/latex/koma-script/scrlfile-hook.sty
Package: scrlfile-hook 2021/11/13 v3.35 KOMA-Script package (using LaTeX hooks)


(/usr/share/texlive/texmf-dist/tex/latex/koma-script/scrlogo.sty
Package: scrlogo 2021/11/13 v3.35 KOMA-Script package (logo)
)))
(/usr/share/texlive/texmf-dist/tex/latex/graphics/keyval.sty
Package: keyval 2014/10/28 v1.15 key=value parser (DPC)
\KV@toks@=\toks16
)
Applying: [2021/05/01] Usage of raw or classic option list on input line 252.
Already applied: [0000/00/00] Usage of raw or classic option list on input line
 368.
)
(/usr/share/texlive/texmf-dist/tex/generic/pdftexcmds/pdftexcmds.sty
Package: pdftexcmds 2020-06-27 v0.33 Utility functions of pdfTeX for LuaTeX (HO
)

(/usr/share/texlive/texmf-dist/tex/generic/infwarerr/infwarerr.sty
Package: infwarerr 2019/12/03 v1.5 Providing info/warning/error messages (HO)
)
(/usr/share/texlive/texmf-dist/tex/generic/ltxcmds/ltxcmds.sty
Package: ltxcmds 2020-05-10 v1.25 LaTeX kernel commands for general use (HO)
)
Package pdftexcmds Info: \pdf@primitive is available.
Package pdftexcmds Info: \pdf@ifprimitive is available.
Package pdftexcmds Info: \pdfdraftmode found.
)
(/usr/share/texlive/texmf-dist/tex/latex/trimspaces/trimspaces.sty
Package: trimspaces 2009/09/17 v1.1 Trim spaces around a token list
)
(/usr/share/texlive/texmf-dist/tex/latex/graphics/graphicx.sty
Package: graphicx 2021/09/16 v1.2d Enhanced LaTeX Graphics (DPC,SPQR)

(/usr/share/texlive/texmf-dist/tex/latex/graphics/graphics.sty
Package: graphics 2021/03/04 v1.4d Standard LaTeX Graphics (DPC,SPQR)

(/usr/share/texlive/texmf-dist/tex/latex/graphics/trig.sty
Package: trig 2021/08/11 v1.11 sin cos tan (DPC)
)
(/usr/share/texlive/texmf-dist/tex/latex/graphics-cfg/graphics.cfg
File: graphics.cfg 2016/06/04 v1.11 sample graphics configuration
)
Package graphics Info: Driver file: pdftex.def on input line 107.

(/usr/share/texlive/texmf-dist/tex/latex/graphics-def/pdftex.def
File: pdftex.def 2020/10/05 v1.2a Graphics/color driver for pdftex
))
\Gin@req@height=\dimen139
\Gin@req@width=\dimen140
)
(/usr/share/texlive/texmf-dist/tex/latex/tools/shellesc.sty
Package: shellesc 2019/11/08 v1.0c unified shell escape interface for LaTeX
Package shellesc Info: Unrestricted shell escape enabled on input line 75.
)
(/usr/share/texlive/texmf-dist/tex/latex/ifplatform/ifplatform.sty
Package: ifplatform 2017/10/13 v0.4a Testing for the operating system

(/usr/share/texlive/texmf-dist/tex/generic/catchfile/catchfile.sty
Package: catchfile 2019/12/09 v1.8 Catch the contents of a file (HO)

(/usr/share/texlive/texmf-dist/tex/generic/etexcmds/etexcmds.sty
Package: etexcmds 2019/12/15 v1.7 Avoid name clashes with e-TeX commands (HO)
))
(/usr/share/texlive/texmf-dist/tex/generic/iftex/ifluatex.sty
Package: ifluatex 2019/10/25 v1.5 ifluatex legacy package. Use iftex instead.
)
runsystem(uname -s > "tebd_update.w18")...executed.


(./tebd_update.w18)
runsystem(rm -- "tebd_update.w18")...executed.

)
\c@svg@param@lastpage=\count193
\svg@box=\box50
\c@svg@param@currpage=\count194
)
(/usr/share/texlive/texmf-dist/tex/latex/xcolor/xcolor.sty
Package: xcolor 2021/10/31 v2.13 LaTeX color extensions (UK)

(/usr/share/texlive/texmf-dist/tex/latex/graphics-cfg/color.cfg
File: color.cfg 2016/01/02 v1.6 sample color configuration
)
Package xcolor Info: Driver file: pdftex.def on input line 227.
Package xcolor Info: Model `cmy' substituted by `cmy0' on input line 1352.
Package xcolor Info: Model `hsb' substituted by `rgb' on input line 1356.
Package xcolor Info: Model `RGB' extended on input line 1368.
Package xcolor Info: Model `HTML' substituted by `rgb' on input line 1370.
Package xcolor Info: Model `Hsb' substituted by `hsb' on input line 1371.
Package xcolor Info: Model `tHsb' substituted by `hsb' on input line 1372.
Package xcolor Info: Model `HSB' substituted by `hsb' on input line 1373.
Package xcolor Info: Model `Gray' substituted by `gray' on input line 1374.
Package xcolor Info: Model `wave' substituted by `hsb' on input line 1375.
)
(/usr/share/texlive/texmf-dist/tex/latex/transparent/transparent.sty
Package: transparent 2019/11/29 v1.4 Transparency via pdfTeX's color stack (HO)


(/usr/share/texlive/texmf-dist/tex/latex/auxhook/auxhook.sty
Package: auxhook 2019-12-17 v1.6 Hooks for auxiliary files (HO)
))
(/usr/share/texlive/texmf-dist/tex/latex/pgf/systemlayer/pgfsys.sty
(/usr/share/texlive/texmf-dist/tex/latex/pgf/utilities/pgfrcs.sty
(/usr/share/texlive/texmf-dist/tex/generic/pgf/utilities/pgfutil-common.tex
\pgfutil@everybye=\toks17
\pgfutil@tempdima=\dimen141
\pgfutil@tempdimb=\dimen142

(/usr/share/texlive/texmf-dist/tex/generic/pgf/utilities/pgfutil-common-lists.t
ex)) (/usr/share/texlive/texmf-dist/tex/generic/pgf/utilities/pgfutil-latex.def
\pgfutil@abb=\box51
) (/usr/share/texlive/texmf-dist/tex/generic/pgf/utilities/pgfrcs.code.tex
(/usr/share/texlive/texmf-dist/tex/generic/pgf/pgf.revision.tex)
Package: pgfrcs 2021/05/15 v3.1.9a (3.1.9a)
))
(/usr/share/texlive/texmf-dist/tex/generic/pgf/systemlayer/pgfsys.code.tex
Package: pgfsys 2021/05/15 v3.1.9a (3.1.9a)

(/usr/share/texlive/texmf-dist/tex/generic/pgf/utilities/pgfkeys.code.tex
\pgfkeys@pathtoks=\toks18
\pgfkeys@temptoks=\toks19

(/usr/share/texlive/texmf-dist/tex/generic/pgf/utilities/pgfkeysfiltered.code.t
ex
\pgfkeys@tmptoks=\toks20
))
\pgf@x=\dimen143
\pgf@y=\dimen144
\pgf@xa=\dimen145
\pgf@ya=\dimen146
\pgf@xb=\dimen147
\pgf@yb=\dimen148
\pgf@xc=\dimen149
\pgf@yc=\dimen150
\pgf@xd=\dimen151
\pgf@yd=\dimen152
\w@pgf@writea=\write3
\r@pgf@reada=\read2
\c@pgf@counta=\count195
\c@pgf@countb=\count196
\c@pgf@countc=\count197
\c@pgf@countd=\count198
\t@pgf@toka=\toks21
\t@pgf@tokb=\toks22
\t@pgf@tokc=\toks23
\pgf@sys@id@count=\count199
 (/usr/share/texlive/texmf-dist/tex/generic/pgf/systemlayer/pgf.cfg
File: pgf.cfg 2021/05/15 v3.1.9a (3.1.9a)
)
Driver file for pgf: pgfsys-pdftex.def

(/usr/share/texlive/texmf-dist/tex/generic/pgf/systemlayer/pgfsys-pdftex.def
File: pgfsys-pdftex.def 2021/05/15 v3.1.9a (3.1.9a)

(/usr/share/texlive/texmf-dist/tex/generic/pgf/systemlayer/pgfsys-common-pdf.de
f
File: pgfsys-common-pdf.def 2021/05/15 v3.1.9a (3.1.9a)
)))
(/usr/share/texlive/texmf-dist/tex/generic/pgf/systemlayer/pgfsyssoftpath.code.
tex
File: pgfsyssoftpath.code.tex 2021/05/15 v3.1.9a (3.1.9a)
\pgfsyssoftpath@smallbuffer@items=\count266
\pgfsyssoftpath@bigbuffer@items=\count267
)
(/usr/share/texlive/texmf-dist/tex/generic/pgf/systemlayer/pgfsysprotocol.code.
tex
File: pgfsysprotocol.code.tex 2021/05/15 v3.1.9a (3.1.9a)
)) (/usr/share/texlive/texmf-dist/tex/latex/l3backend/l3backend-pdftex.def
File: l3backend-pdftex.def 2022-01-12 L3 backend support: PDF output (pdfTeX)
\l__color_backend_stack_int=\count268
\l__pdf_internal_box=\box52
)
(./tebd_update.aux)
\openout1 = `tebd_update.aux'.

LaTeX Font Info:    Checking defaults for OML/cmm/m/it on input line 4.
LaTeX Font Info:    ... okay on input line 4.
LaTeX Font Info:    Checking defaults for OMS/cmsy/m/n on input line 4.
LaTeX Font Info:    ... okay on input line 4.
LaTeX Font Info:    Checking defaults for OT1/cmr/m/n on input line 4.
LaTeX Font Info:    ... okay on input line 4.
LaTeX Font Info:    Checking defaults for T1/cmr/m/n on input line 4.
LaTeX Font Info:    ... okay on input line 4.
LaTeX Font Info:    Checking defaults for TS1/cmr/m/n on input line 4.
LaTeX Font Info:    ... okay on input line 4.
LaTeX Font Info:    Checking defaults for OMX/cmex/m/n on input line 4.
LaTeX Font Info:    ... okay on input line 4.
LaTeX Font Info:    Checking defaults for U/cmr/m/n on input line 4.
LaTeX Font Info:    ... okay on input line 4.

(/usr/share/texlive/texmf-dist/tex/context/base/mkii/supp-pdf.mkii
[Loading MPS to PDF converter (version 2006.09.02).]
\scratchcounter=\count269
\scratchdimen=\dimen153
\scratchbox=\box53
\nofMPsegments=\count270
\nofMParguments=\count271
\everyMPshowfont=\toks24
\MPscratchCnt=\count272
\MPscratchDim=\dimen154
\MPnumerator=\count273
\makeMPintoPDFobject=\count274
\everyMPtoPDFconversion=\toks25
) (/usr/share/texlive/texmf-dist/tex/latex/epstopdf-pkg/epstopdf-base.sty
Package: epstopdf-base 2020-01-24 v2.11 Base part for package epstopdf
Package epstopdf-base Info: Redefining graphics rule for `.eps' on input line 4
85.

(/usr/share/texlive/texmf-dist/tex/latex/latexconfig/epstopdf-sys.cfg
File: epstopdf-sys.cfg 2010/07/13 v1.3 Configuration of (r)epstopdf for TeX Liv
e
))
LaTeX Font Info:    External font `cmex10' loaded for size
(Font)              <7> on input line 5.
LaTeX Font Info:    External font `cmex10' loaded for size
(Font)              <5> on input line 5.
Package svg Info: Last page of `./svg-inkscape/tebd_update_1_svg-tex.pdf' is 1 
on input line 6.

(./svg-inkscape/tebd_update_1_svg-tex.pdf_tex
<./svg-inkscape/tebd_update_1_svg-tex.pdf, id=5, page=1, 335.23581pt x 343.8448
2pt>
File: ./svg-inkscape/tebd_update_1_svg-tex.pdf Graphic file (type pdf)
<use ./svg-inkscape/tebd_update_1_svg-tex.pdf, page 1>
Package pdftex.def Info: ./svg-inkscape/tebd_update_1_svg-tex.pdf , page1 used 
on input line 56.
(pdftex.def)             Requested size: 83.80894pt x 85.96098pt.
)
Package svg Info: Last page of `./svg-inkscape/tebd_update_1_rhs_svg-tex.pdf' i
s 1 on input line 7.

(./svg-inkscape/tebd_update_1_rhs_svg-tex.pdf_tex
<./svg-inkscape/tebd_update_1_rhs_svg-tex.pdf, id=7, page=1, 141.95183pt x 96.4
2969pt>
File: ./svg-inkscape/tebd_update_1_rhs_svg-tex.pdf Graphic file (type pdf)
<use ./svg-inkscape/tebd_update_1_rhs_svg-tex.pdf, page 1>
Package pdftex.def Info: ./svg-inkscape/tebd_update_1_rhs_svg-tex.pdf , page1 u
sed on input line 56.
(pdftex.def)             Requested size: 35.48795pt x 24.10735pt.
)
Package svg Info: Last page of `./svg-inkscape/tebd_update_2_svg-tex.pdf' is 1 
on input line 10.

(./svg-inkscape/tebd_update_2_svg-tex.pdf_tex
<./svg-inkscape/tebd_update_2_svg-tex.pdf, id=9, page=1, 335.23581pt x 343.8448
2pt>
File: ./svg-inkscape/tebd_update_2_svg-tex.pdf Graphic file (type pdf)
<use ./svg-inkscape/tebd_update_2_svg-tex.pdf, page 1>
Package pdftex.def Info: ./svg-inkscape/tebd_update_2_svg-tex.pdf , page1 used 
on input line 56.
(pdftex.def)             Requested size: 83.80894pt x 85.96098pt.
)
Package svg Info: Last page of `./svg-inkscape/tebd_update_2_rhs_svg-tex.pdf' i
s 1 on input line 11.

(./svg-inkscape/tebd_update_2_rhs_svg-tex.pdf_tex
<./svg-inkscape/tebd_update_2_rhs_svg-tex.pdf, id=11, page=1, 143.74693pt x 96.
43016pt>
File: ./svg-inkscape/tebd_update_2_rhs_svg-tex.pdf Graphic file (type pdf)
<use ./svg-inkscape/tebd_update_2_rhs_svg-tex.pdf, page 1>
Package pdftex.def Info: ./svg-inkscape/tebd_update_2_rhs_svg-tex.pdf , page1 u
sed on input line 56.
(pdftex.def)             Requested size: 35.93672pt x 24.10747pt.
)
Package svg Info: Last page of `./svg-inkscape/tebd_update_3_svg-tex.pdf' is 1 
on input line 14.

(./svg-inkscape/tebd_update_3_svg-tex.pdf_tex
<./svg-inkscape/tebd_update_3_svg-tex.pdf, id=13, page=1, 335.23581pt x 343.844
82pt>
File: ./svg-inkscape/tebd_update_3_svg-tex.pdf Graphic file (type pdf)
<use ./svg-inkscape/tebd_update_3_svg-tex.pdf, page 1>
Package pdftex.def Info: ./svg-inkscape/tebd_update_3_svg-tex.pdf , page1 used 
on input line 56.
(pdftex.def)             Requested size: 83.80894pt x 85.96098pt.
)
Package svg Info: Last page of `./svg-inkscape/tebd_update_3_rhs_svg-tex.pdf' i
s 1 on input line 15.

(./svg-inkscape/tebd_update_3_rhs_svg-tex.pdf_tex
<./svg-inkscape/tebd_update_3_rhs_svg-tex.pdf, id=15, page=1, 141.95135pt x 96.
43045pt>
File: ./svg-inkscape/tebd_update_3_rhs_svg-tex.pdf Graphic file (type pdf)
<use ./svg-inkscape/tebd_update_3_rhs_svg-tex.pdf, page 1>
Package pdftex.def Info: ./svg-inkscape/tebd_update_3_rhs_svg-tex.pdf , page1 u
sed on input line 56.
(pdftex.def)             Requested size: 35.48782pt x 24.10754pt.
)
Package svg Info: Last page of `./svg-inkscape/tebd_update_4_svg-tex.pdf' is 1 
on input line 18.

(./svg-inkscape/tebd_update_4_svg-tex.pdf_tex
<./svg-inkscape/tebd_update_4_svg-tex.pdf, id=17, page=1, 335.23581pt x 343.844
82pt>
File: ./svg-inkscape/tebd_update_4_svg-tex.pdf Graphic file (type pdf)
<use ./svg-inkscape/tebd_update_4_svg-tex.pdf, page 1>
Package pdftex.def Info: ./svg-inkscape/tebd_update_4_svg-tex.pdf , page1 used 
on input line 56.
(pdftex.def)             Requested size: 83.80894pt x 85.96098pt.
)
Package svg Info: Last page of `./svg-inkscape/tebd_update_4_rhs_svg-tex.pdf' i
s 1 on input line 19.

(./svg-inkscape/tebd_update_4_rhs_svg-tex.pdf_tex
<./svg-inkscape/tebd_update_4_rhs_svg-tex.pdf, id=19, page=1, 143.74727pt x 96.
42975pt>
File: ./svg-inkscape/tebd_update_4_rhs_svg-tex.pdf Graphic file (type pdf)
<use ./svg-inkscape/tebd_update_4_rhs_svg-tex.pdf, page 1>
Package pdftex.def Info: ./svg-inkscape/tebd_update_4_rhs_svg-tex.pdf , page1 u
sed on input line 56.
(pdftex.def)             Requested size: 35.93681pt x 24.10736pt.
)
Package svg Info: Last page of `./svg-inkscape/tebd_update_5_svg-tex.pdf' is 1 
on input line 22.

(./svg-inkscape/tebd_update_5_svg-tex.pdf_tex
<./svg-inkscape/tebd_update_5_svg-tex.pdf, id=21, page=1, 335.23581pt x 343.844
82pt>
File: ./svg-inkscape/tebd_update_5_svg-tex.pdf Graphic file (type pdf)
<use ./svg-inkscape/tebd_update_5_svg-tex.pdf, page 1>
Package pdftex.def Info: ./svg-inkscape/tebd_update_5_svg-tex.pdf , page1 used 
on input line 56.
(pdftex.def)             Requested size: 83.80894pt x 85.96098pt.
)
Package svg Info: Last page of `./svg-inkscape/tebd_update_5_rhs_svg-tex.pdf' i
s 1 on input line 23.

(./svg-inkscape/tebd_update_5_rhs_svg-tex.pdf_tex
<./svg-inkscape/tebd_update_5_rhs_svg-tex.pdf, id=23, page=1, 143.74742pt x 74.
56717pt>
File: ./svg-inkscape/tebd_update_5_rhs_svg-tex.pdf Graphic file (type pdf)
<use ./svg-inkscape/tebd_update_5_rhs_svg-tex.pdf, page 1>
Package pdftex.def Info: ./svg-inkscape/tebd_update_5_rhs_svg-tex.pdf , page1 u
sed on input line 56.
(pdftex.def)             Requested size: 35.93684pt x 18.64174pt.
) [1

{/var/lib/texmf/fonts/map/pdftex/updmap/pdftex.map} <./svg-inkscape/tebd_update
_1_svg-tex.pdf> <./svg-inkscape/tebd_update_1_rhs_svg-tex.pdf

pdfTeX warning: /usr/bin/pdflatex (file ./svg-inkscape/tebd_update_1_rhs_svg-te
x.pdf): PDF inclusion: multiple pdfs with page group included in a single page
> <./svg-inkscape/tebd_update_2_svg-tex.pdf

pdfTeX warning: /usr/bin/pdflatex (file ./svg-inkscape/tebd_update_2_svg-tex.pd
f): PDF inclusion: multiple pdfs with page group included in a single page
> <./svg-inkscape/tebd_update_2_rhs_svg-tex.pdf

pdfTeX warning: /usr/bin/pdflatex (file ./svg-inkscape/tebd_update_2_rhs_svg-te
x.pdf): PDF inclusion: multiple pdfs with page group included in a single page
> <./svg-inkscape/tebd_update_3_svg-tex.pdf

pdfTeX warning: /usr/bin/pdflatex (file ./svg-inkscape/tebd_update_3_svg-tex.pd
f): PDF inclusion: multiple pdfs with page group included in a single page
> <./svg-inkscape/tebd_update_3_rhs_svg-tex.pdf

pdfTeX warning: /usr/bin/pdflatex (file ./svg-inkscape/tebd_update_3_rhs_svg-te
x.pdf): PDF inclusion: multiple pdfs with page group included in a single page
> <./svg-inkscape/tebd_update_4_svg-tex.pdf

pdfTeX warning: /usr/bin/pdflatex (file ./svg-inkscape/tebd_update_4_svg-tex.pd
f): PDF inclusion: multiple pdfs with page group included in a single page
> <./svg-inkscape/tebd_update_4_rhs_svg-tex.pdf

pdfTeX warning: /usr/bin/pdflatex (file ./svg-inkscape/tebd_update_4_rhs_svg-te
x.pdf): PDF inclusion: multiple pdfs with page group included in a single page
> <./svg-inkscape/tebd_update_5_svg-tex.pdf

pdfTeX warning: /usr/bin/pdflatex (file ./svg-inkscape/tebd_update_5_svg-tex.pd
f): PDF inclusion: multiple pdfs with page group included in a single page
> <./svg-inkscape/tebd_update_5_rhs_svg-tex.pdf

pdfTeX warning: /usr/bin/pdflatex (file ./svg-inkscape/tebd_update_5_rhs_svg-te
x.pdf): PDF inclusion: multiple pdfs with page group included in a single page
>] (./tebd_update.aux) ) 
Here is how much of TeX's memory you used:
 4415 strings out of 478287
 90327 string characters out of 5849290
 396079 words of memory out of 5000000
 22493 multiletter control sequences out of 15000+600000
 469259 words of font info for 28 fonts, out of 8000000 for 9000
 1141 hyphenation exceptions out of 8191
 94i,10n,92p,301b,420s stack positions out of 5000i,500n,10000p,200000b,80000s
</usr/share/texlive/texmf-dist/fonts/type1/public/amsfo
nts/cm/cmr10.pfb></usr/share/texlive/texmf-dist/fonts/type1/public/amsfonts/cm/
cmsy10.pfb>
Output written on tebd_update.pdf (1 page, 43318 bytes).
PDF statistics:
 52 PDF objects out of 1000 (max. 8388607)
 24 compressed objects within 1 object stream
 0 named destinations out of 1000 (max. 500000)
 113 words of extra memory for PDF output out of 10000 (max. 10000000)

