This is pdfTeX, Version 3.141592653-2.6-1.40.22 (TeX Live 2022/dev/Debian) (preloaded format=pdflatex 2024.3.16)  8 JUL 2024 16:48
entering extended mode
 restricted \write18 enabled.
 %&-line parsing enabled.
**thesis.tex
(./thesis.tex
LaTeX2e <2021-11-15> patch level 1
L3 programming layer <2022-01-21> (./template/thesis.cls
Document Class: template/thesis 2024/04/18 thesis layout
(/usr/share/texlive/texmf-dist/tex/latex/koma-script/scrbook.cls
Document Class: scrbook 2021/11/13 v3.35 KOMA-Script document class (book)
(/usr/share/texlive/texmf-dist/tex/latex/koma-script/scrkbase.sty
Package: scrkbase 2021/11/13 v3.35 KOMA-Script package (KOMA-Script-dependent b
asics and keyval usage)

(/usr/share/texlive/texmf-dist/tex/latex/koma-script/scrbase.sty
Package: scrbase 2021/11/13 v3.35 KOMA-Script package (KOMA-Script-independent 
basics and keyval usage)

(/usr/share/texlive/texmf-dist/tex/latex/koma-script/scrlfile.sty
Package: scrlfile 2021/11/13 v3.35 KOMA-Script package (file load hooks)

(/usr/share/texlive/texmf-dist/tex/latex/koma-script/scrlfile-hook.sty
Package: scrlfile-hook 2021/11/13 v3.35 KOMA-Script package (using LaTeX hooks)


(/usr/share/texlive/texmf-dist/tex/latex/koma-script/scrlogo.sty
Package: scrlogo 2021/11/13 v3.35 KOMA-Script package (logo)
)))
(/usr/share/texlive/texmf-dist/tex/latex/graphics/keyval.sty
Package: keyval 2014/10/28 v1.15 key=value parser (DPC)
\KV@toks@=\toks16
)
Applying: [2021/05/01] Usage of raw or classic option list on input line 252.
Already applied: [0000/00/00] Usage of raw or classic option list on input line
 368.
))
(/usr/share/texlive/texmf-dist/tex/latex/koma-script/tocbasic.sty
Package: tocbasic 2021/11/13 v3.35 KOMA-Script package (handling toc-files)
\scr@dte@tocline@numberwidth=\skip47
\scr@dte@tocline@numbox=\box50
)
Package tocbasic Info: babel extension for `toc' omitted
(tocbasic)             because of missing \bbl@set@language on input line 137.
Class scrbook Info: Switching compatibility level to `last'.
Class scrbook Info: File `scrsize11pt.clo' used to setup font sizes on input li
ne 2490.

(/usr/share/texlive/texmf-dist/tex/latex/koma-script/scrsize11pt.clo
File: scrsize11pt.clo 2021/11/13 v3.35 KOMA-Script font size class option (11pt
)
)
(/usr/share/texlive/texmf-dist/tex/latex/koma-script/typearea.sty
Package: typearea 2021/11/13 v3.35 KOMA-Script package (type area)
\ta@bcor=\skip48
\ta@div=\count185
\ta@hblk=\skip49
\ta@vblk=\skip50
\ta@temp=\skip51
\footheight=\skip52
Package typearea Info: These are the values describing the layout:
(typearea)             DIV  = 10
(typearea)             BCOR = 0.0pt
(typearea)             \paperwidth      = 597.50793pt
(typearea)              \textwidth      = 418.25555pt
(typearea)              DIV departure   = -6%
(typearea)              \evensidemargin = 17.3562pt
(typearea)              \oddsidemargin  = 17.3562pt
(typearea)             \paperheight     = 845.04694pt
(typearea)              \textheight     = 555.00024pt
(typearea)              \topmargin      = 12.2347pt
(typearea)              \headheight     = 17.0pt
(typearea)              \headsep        = 20.40001pt
(typearea)              \topskip        = 11.0pt
(typearea)              \footskip       = 47.6pt
(typearea)              \baselineskip   = 13.6pt
(typearea)              on input line 1743.
)
\c@part=\count186
\c@chapter=\count187
\c@section=\count188
\c@subsection=\count189
\c@subsubsection=\count190
\c@paragraph=\count191
\c@subparagraph=\count192
\scr@dte@chapter@maxnumwidth=\skip53
Class scrbook Info: using compatibility default `afterindent=bysign'
(scrbook)           for `\chapter on input line 5715.
\scr@dte@section@maxnumwidth=\skip54
Class scrbook Info: using compatibility default `runin=bysign'
(scrbook)           for `\section on input line 5726.
Class scrbook Info: using compatibility default `afterindent=bysign'
(scrbook)           for `\section on input line 5726.
\scr@dte@part@maxnumwidth=\skip55
Class scrbook Info: using compatibility default `afterindent=true'
(scrbook)           for `\part on input line 5735.
\scr@dte@subsection@maxnumwidth=\skip56
Class scrbook Info: using compatibility default `runin=bysign'
(scrbook)           for `\subsection on input line 5745.
Class scrbook Info: using compatibility default `afterindent=bysign'
(scrbook)           for `\subsection on input line 5745.
\scr@dte@subsubsection@maxnumwidth=\skip57
Class scrbook Info: using compatibility default `runin=bysign'
(scrbook)           for `\subsubsection on input line 5755.
Class scrbook Info: using compatibility default `afterindent=bysign'
(scrbook)           for `\subsubsection on input line 5755.
\scr@dte@paragraph@maxnumwidth=\skip58
Class scrbook Info: using compatibility default `runin=bysign'
(scrbook)           for `\paragraph on input line 5766.
Class scrbook Info: using compatibility default `afterindent=bysign'
(scrbook)           for `\paragraph on input line 5766.
\scr@dte@subparagraph@maxnumwidth=\skip59
Class scrbook Info: using compatibility default `runin=bysign'
(scrbook)           for `\subparagraph on input line 5776.
Class scrbook Info: using compatibility default `afterindent=bysign'
(scrbook)           for `\subparagraph on input line 5776.
\abovecaptionskip=\skip60
\belowcaptionskip=\skip61
\c@pti@nb@sid@b@x=\box51
Package tocbasic Info: babel extension for `lof' omitted
(tocbasic)             because of missing \bbl@set@language on input line 6962.

\scr@dte@figure@maxnumwidth=\skip62
\c@figure=\count193
Package tocbasic Info: babel extension for `lot' omitted
(tocbasic)             because of missing \bbl@set@language on input line 6978.

\scr@dte@table@maxnumwidth=\skip63
\c@table=\count194
Class scrbook Info: Redefining `\numberline' on input line 7146.
\bibindent=\dimen138
)
Package typearea Info: These are the values describing the layout:
(typearea)             DIV  = 10
(typearea)             BCOR = 28.45274pt
(typearea)             \paperwidth      = 597.50793pt
(typearea)              \textwidth      = 398.33864pt
(typearea)              DIV departure   = -1%
(typearea)              \evensidemargin = 41.54103pt
(typearea)              \oddsidemargin  = 41.54103pt
(typearea)             \paperheight     = 845.04694pt
(typearea)              \textheight     = 555.00024pt
(typearea)              \topmargin      = 12.2347pt
(typearea)              \headheight     = 17.0pt
(typearea)              \headsep        = 20.40001pt
(typearea)              \topskip        = 11.0pt
(typearea)              \footskip       = 47.6pt
(typearea)              \baselineskip   = 13.6pt
(typearea)              on input line 24.
Package typearea Info: These are the values describing the layout:
(typearea)             DIV  = 10
(typearea)             BCOR = 28.45274pt
(typearea)             \paperwidth      = 597.50793pt
(typearea)              \textwidth      = 398.33864pt
(typearea)              DIV departure   = -1%
(typearea)              \evensidemargin = 41.54103pt
(typearea)              \oddsidemargin  = 41.54103pt
(typearea)             \paperheight     = 845.04694pt
(typearea)              \textheight     = 555.00024pt
(typearea)              \topmargin      = 12.2347pt
(typearea)              \headheight     = 17.0pt
(typearea)              \headsep        = 20.40001pt
(typearea)              \topskip        = 11.0pt
(typearea)              \footskip       = 47.6pt
(typearea)              \baselineskip   = 13.6pt
(typearea)              on input line 24.
Class scrbook Info: File `scrsize11pt.clo' used to setup font sizes on input li
ne 24.

(/usr/share/texlive/texmf-dist/tex/latex/koma-script/scrsize11pt.clo
File: scrsize11pt.clo 2021/11/13 v3.35 KOMA-Script font size class option (11pt
)
)
Package typearea Info: These are the values describing the layout:
(typearea)             DIV  = 10
(typearea)             BCOR = 28.45274pt
(typearea)             \paperwidth      = 597.50793pt
(typearea)              \textwidth      = 398.33864pt
(typearea)              DIV departure   = -1%
(typearea)              \evensidemargin = 41.54105pt
(typearea)              \oddsidemargin  = 13.08827pt
(typearea)             \paperheight     = 845.04694pt
(typearea)              \textheight     = 555.00024pt
(typearea)              \topmargin      = 12.2347pt
(typearea)              \headheight     = 17.0pt
(typearea)              \headsep        = 20.40001pt
(typearea)              \topskip        = 11.0pt
(typearea)              \footskip       = 47.6pt
(typearea)              \baselineskip   = 13.6pt
(typearea)              on input line 24.

(/usr/share/texlive/texmf-dist/tex/latex/xcolor/xcolor.sty
Package: xcolor 2021/10/31 v2.13 LaTeX color extensions (UK)

(/usr/share/texlive/texmf-dist/tex/latex/graphics-cfg/color.cfg
File: color.cfg 2016/01/02 v1.6 sample color configuration
)
Package xcolor Info: Driver file: pdftex.def on input line 227.

(/usr/share/texlive/texmf-dist/tex/latex/graphics-def/pdftex.def
File: pdftex.def 2020/10/05 v1.2a Graphics/color driver for pdftex
)
Package xcolor Info: Model `cmy' substituted by `cmy0' on input line 1352.
Package xcolor Info: Model `hsb' substituted by `rgb' on input line 1356.
Package xcolor Info: Model `RGB' extended on input line 1368.
Package xcolor Info: Model `HTML' substituted by `rgb' on input line 1370.
Package xcolor Info: Model `Hsb' substituted by `hsb' on input line 1371.
Package xcolor Info: Model `tHsb' substituted by `hsb' on input line 1372.
Package xcolor Info: Model `HSB' substituted by `hsb' on input line 1373.
Package xcolor Info: Model `Gray' substituted by `gray' on input line 1374.
Package xcolor Info: Model `wave' substituted by `hsb' on input line 1375.
)
(/usr/share/texlive/texmf-dist/tex/latex/pdfcomment/pdfcomment.sty
Package: pdfcomment 2018/11/01 pdfcomment.sty v2.4a - Josef Kleber (C) 2008-201
2, 2015-2016, 2018

(/usr/share/texlive/texmf-dist/tex/latex/xkeyval/xkeyval.sty
Package: xkeyval 2020/11/20 v2.8 package option processing (HA)

(/usr/share/texlive/texmf-dist/tex/generic/xkeyval/xkeyval.tex
(/usr/share/texlive/texmf-dist/tex/generic/xkeyval/xkvutils.tex
\XKV@toks=\toks17
\XKV@tempa@toks=\toks18
)
\XKV@depth=\count195
File: xkeyval.tex 2014/12/03 v2.7a key=value parser (HA)
))
\c@pc@count@i=\count196
\c@pc@count@ii=\count197
\c@pc@count@iii=\count198
\c@pc@count@iv=\count199
\pc@mathannot@box=\box52
\pc@nullbox=\box53
\pc@dima=\skip64
\pc@dimb=\skip65
\pc@Sposx=\skip66
\pc@Sposy=\skip67
\pc@Eposx=\skip68
\pc@Eposy=\skip69
\pc@column=\skip70
\pc@box@width=\skip71
\pc@box@height=\skip72
\pc@box@depth=\skip73

(/usr/share/texlive/texmf-dist/tex/latex/etoolbox/etoolbox.sty
Package: etoolbox 2020/10/05 v2.5k e-TeX tools for LaTeX (JAW)
\etb@tempcnta=\count266
)
(/usr/share/texlive/texmf-dist/tex/latex/datetime2/datetime2.sty
Package: datetime2 2021/03/21 v1.5.7 (NLCT) date and time formats

(/usr/share/texlive/texmf-dist/tex/latex/tracklang/tracklang.sty
Package: tracklang 2020/06/30 v1.5 (NLCT) Track Languages

(/usr/share/texlive/texmf-dist/tex/generic/tracklang/tracklang.tex))
(/usr/share/texlive/texmf-dist/tex/latex/datetime2-english/datetime2-en-GB.ldf
File: datetime2-en-GB.ldf 2019/10/21 v1.05 (NLCT)

(/usr/share/texlive/texmf-dist/tex/latex/datetime2-english/datetime2-english-ba
se.ldf
File: datetime2-english-base.ldf 2019/10/21 v1.05 (NLCT)
))) (/usr/share/texlive/texmf-dist/tex/latex/zref/zref-savepos.sty
Package: zref-savepos 2020-07-03 v2.32 Module savepos for zref (HO)

(/usr/share/texlive/texmf-dist/tex/latex/zref/zref-base.sty
Package: zref-base 2020-07-03 v2.32 Module base for zref (HO)

(/usr/share/texlive/texmf-dist/tex/generic/ltxcmds/ltxcmds.sty
Package: ltxcmds 2020-05-10 v1.25 LaTeX kernel commands for general use (HO)
)
(/usr/share/texlive/texmf-dist/tex/generic/infwarerr/infwarerr.sty
Package: infwarerr 2019/12/03 v1.5 Providing info/warning/error messages (HO)
)
(/usr/share/texlive/texmf-dist/tex/generic/kvsetkeys/kvsetkeys.sty
Package: kvsetkeys 2019/12/15 v1.18 Key value parser (HO)
)
(/usr/share/texlive/texmf-dist/tex/generic/kvdefinekeys/kvdefinekeys.sty
Package: kvdefinekeys 2019-12-19 v1.6 Define keys (HO)
)
(/usr/share/texlive/texmf-dist/tex/generic/pdftexcmds/pdftexcmds.sty
Package: pdftexcmds 2020-06-27 v0.33 Utility functions of pdfTeX for LuaTeX (HO
)

(/usr/share/texlive/texmf-dist/tex/generic/iftex/iftex.sty
Package: iftex 2020/03/06 v1.0d TeX engine tests
)
Package pdftexcmds Info: \pdf@primitive is available.
Package pdftexcmds Info: \pdf@ifprimitive is available.
Package pdftexcmds Info: \pdfdraftmode found.
)
(/usr/share/texlive/texmf-dist/tex/generic/etexcmds/etexcmds.sty
Package: etexcmds 2019/12/15 v1.7 Avoid name clashes with e-TeX commands (HO)
)
(/usr/share/texlive/texmf-dist/tex/latex/auxhook/auxhook.sty
Package: auxhook 2019-12-17 v1.6 Hooks for auxiliary files (HO)
)
Package zref Info: New property list: main on input line 764.
Package zref Info: New property: default on input line 765.
Package zref Info: New property: page on input line 766.
)
Package zref Info: New property list: savepos on input line 80.
Package zref Info: New property: posx on input line 82.
Package zref Info: New property: posy on input line 83.
)
\c@zref@unique=\count267

(/usr/share/texlive/texmf-dist/tex/latex/refcount/refcount.sty
Package: refcount 2019/12/15 v3.6 Data extraction from label references (HO)
)
(/usr/share/texlive/texmf-dist/tex/latex/base/ifthen.sty
Package: ifthen 2020/11/24 v1.1c Standard LaTeX ifthen package (DPC)
)
(/usr/share/texlive/texmf-dist/tex/latex/tools/calc.sty
Package: calc 2017/05/25 v4.3 Infix arithmetic (KKT,FJ)
\calc@Acount=\count268
\calc@Bcount=\count269
\calc@Adimen=\dimen139
\calc@Bdimen=\dimen140
\calc@Askip=\skip74
\calc@Bskip=\skip75
LaTeX Info: Redefining \setlength on input line 80.
LaTeX Info: Redefining \addtolength on input line 81.
\calc@Ccount=\count270
\calc@Cskip=\skip76
)
(/usr/share/texlive/texmf-dist/tex/latex/marginnote/marginnote.sty
Package: marginnote 2018/08/09 v1.4b non floating margin notes for LaTeX
\c@mn@abspage=\count271
)
(/usr/share/texlive/texmf-dist/tex/generic/iftex/ifpdf.sty
Package: ifpdf 2019/10/25 v3.4 ifpdf legacy package. Use iftex instead.
)
(/usr/share/texlive/texmf-dist/tex/generic/iftex/ifluatex.sty
Package: ifluatex 2019/10/25 v1.5 ifluatex legacy package. Use iftex instead.
)
(/usr/share/texlive/texmf-dist/tex/latex/soulpos/soulpos.sty
Package: soulpos 2021/10/15 v1.2 Fancy underlining
\ulp@subcnt=\count272
\ulp@cnt=\count273
\ulp@out=\write3
\ulp@in=\read2
\ulwidth=\dimen141
)
(/usr/share/texlive/texmf-dist/tex/latex/hyperref/hyperref.sty
Package: hyperref 2021-06-07 v7.00m Hypertext links for LaTeX

(/usr/share/texlive/texmf-dist/tex/generic/pdfescape/pdfescape.sty
Package: pdfescape 2019/12/09 v1.15 Implements pdfTeX's escape features (HO)
)
(/usr/share/texlive/texmf-dist/tex/latex/hycolor/hycolor.sty
Package: hycolor 2020-01-27 v1.10 Color options for hyperref/bookmark (HO)
)
(/usr/share/texlive/texmf-dist/tex/latex/letltxmacro/letltxmacro.sty
Package: letltxmacro 2019/12/03 v1.6 Let assignment for LaTeX macros (HO)
)
(/usr/share/texlive/texmf-dist/tex/latex/kvoptions/kvoptions.sty
Package: kvoptions 2020-10-07 v3.14 Key value format for package options (HO)
)
\@linkdim=\dimen142
\Hy@linkcounter=\count274
\Hy@pagecounter=\count275

(/usr/share/texlive/texmf-dist/tex/latex/hyperref/pd1enc.def
File: pd1enc.def 2021-06-07 v7.00m Hyperref: PDFDocEncoding definition (HO)
Now handling font encoding PD1 ...
... no UTF-8 mapping file for font encoding PD1
)
(/usr/share/texlive/texmf-dist/tex/latex/hyperref/hyperref-langpatches.def
File: hyperref-langpatches.def 2021-06-07 v7.00m Hyperref: patches for babel la
nguages
)
(/usr/share/texlive/texmf-dist/tex/generic/intcalc/intcalc.sty
Package: intcalc 2019/12/15 v1.3 Expandable calculations with integers (HO)
)
\Hy@SavedSpaceFactor=\count276

(/usr/share/texlive/texmf-dist/tex/latex/hyperref/puenc.def
File: puenc.def 2021-06-07 v7.00m Hyperref: PDF Unicode definition (HO)
Now handling font encoding PU ...
... no UTF-8 mapping file for font encoding PU
)
Package hyperref Info: Option `unicode' set `true' on input line 4073.

(/usr/share/texlive/texmf-dist/tex/generic/stringenc/stringenc.sty
Package: stringenc 2019/11/29 v1.12 Convert strings between diff. encodings (HO
)
)
Package hyperref Info: Hyper figures OFF on input line 4192.
Package hyperref Info: Link nesting OFF on input line 4197.
Package hyperref Info: Hyper index ON on input line 4200.
Package hyperref Info: Plain pages OFF on input line 4207.
Package hyperref Info: Backreferencing OFF on input line 4212.
Package hyperref Info: Implicit mode ON; LaTeX internals redefined.
Package hyperref Info: Bookmarks ON on input line 4445.
\c@Hy@tempcnt=\count277

(/usr/share/texlive/texmf-dist/tex/latex/url/url.sty
\Urlmuskip=\muskip16
Package: url 2013/09/16  ver 3.4  Verb mode for urls, etc.
)
LaTeX Info: Redefining \url on input line 4804.
\XeTeXLinkMargin=\dimen143

(/usr/share/texlive/texmf-dist/tex/generic/bitset/bitset.sty
Package: bitset 2019/12/09 v1.3 Handle bit-vector datatype (HO)

(/usr/share/texlive/texmf-dist/tex/generic/bigintcalc/bigintcalc.sty
Package: bigintcalc 2019/12/15 v1.5 Expandable calculations on big integers (HO
)
))
\Fld@menulength=\count278
\Field@Width=\dimen144
\Fld@charsize=\dimen145
Package hyperref Info: Hyper figures OFF on input line 6076.
Package hyperref Info: Link nesting OFF on input line 6081.
Package hyperref Info: Hyper index ON on input line 6084.
Package hyperref Info: backreferencing OFF on input line 6091.
Package hyperref Info: Link coloring OFF on input line 6096.
Package hyperref Info: Link coloring with OCG OFF on input line 6101.
Package hyperref Info: PDF/A mode OFF on input line 6106.
LaTeX Info: Redefining \ref on input line 6146.
LaTeX Info: Redefining \pageref on input line 6150.

(/usr/share/texlive/texmf-dist/tex/latex/base/atbegshi-ltx.sty
Package: atbegshi-ltx 2021/01/10 v1.0c Emulation of the original atbegshi
package with kernel methods
)
\Hy@abspage=\count279
\c@Item=\count280
\c@Hfootnote=\count281
)
Package hyperref Info: Driver: hpdftex.

(/usr/share/texlive/texmf-dist/tex/latex/hyperref/hpdftex.def
File: hpdftex.def 2021-06-07 v7.00m Hyperref driver for pdfTeX

(/usr/share/texlive/texmf-dist/tex/latex/base/atveryend-ltx.sty
Package: atveryend-ltx 2020/08/19 v1.0a Emulation of the original atveryend pac
kage
with kernel methods
)
\Fld@listcount=\count282
\c@bookmark@seq@number=\count283

(/usr/share/texlive/texmf-dist/tex/latex/rerunfilecheck/rerunfilecheck.sty
Package: rerunfilecheck 2019/12/05 v1.9 Rerun checks for auxiliary files (HO)

(/usr/share/texlive/texmf-dist/tex/generic/uniquecounter/uniquecounter.sty
Package: uniquecounter 2019/12/15 v1.4 Provide unlimited unique counter (HO)
)
Package uniquecounter Info: New unique counter `rerunfilecheck' on input line 2
86.
)
\Hy@SectionHShift=\skip77
)
Package zref Info: New property list: pdfcomment on input line 2735.
Package zref Info: New property: PCPDFOBJID on input line 2736.
)
(/usr/share/texlive/texmf-dist/tex/latex/biblatex/biblatex.sty
Package: biblatex 2022/02/02 v3.17 programmable bibliographies (PK/MW)

(/usr/share/texlive/texmf-dist/tex/latex/logreq/logreq.sty
Package: logreq 2010/08/04 v1.0 xml request logger
\lrq@indent=\count284

(/usr/share/texlive/texmf-dist/tex/latex/logreq/logreq.def
File: logreq.def 2010/08/04 v1.0 logreq spec v1.0
))
\c@tabx@nest=\count285
\c@listtotal=\count286
\c@listcount=\count287
\c@liststart=\count288
\c@liststop=\count289
\c@citecount=\count290
\c@citetotal=\count291
\c@multicitecount=\count292
\c@multicitetotal=\count293
\c@instcount=\count294
\c@maxnames=\count295
\c@minnames=\count296
\c@maxitems=\count297
\c@minitems=\count298
\c@citecounter=\count299
\c@maxcitecounter=\count300
\c@savedcitecounter=\count301
\c@uniquelist=\count302
\c@uniquename=\count303
\c@refsection=\count304
\c@refsegment=\count305
\c@maxextratitle=\count306
\c@maxextratitleyear=\count307
\c@maxextraname=\count308
\c@maxextradate=\count309
\c@maxextraalpha=\count310
\c@abbrvpenalty=\count311
\c@highnamepenalty=\count312
\c@lownamepenalty=\count313
\c@maxparens=\count314
\c@parenlevel=\count315
\blx@tempcnta=\count316
\blx@tempcntb=\count317
\blx@tempcntc=\count318
\c@blx@maxsection=\count319
\c@blx@maxsegment@0=\count320
\blx@notetype=\count321
\blx@parenlevel@text=\count322
\blx@parenlevel@foot=\count323
\c@blx@sectionciteorder@0=\count324
\blx@entrysetcounter=\count325
\blx@biblioinstance=\count326
\labelnumberwidth=\skip78
\labelalphawidth=\skip79
\biblabelsep=\skip80
\bibitemsep=\skip81
\bibnamesep=\skip82
\bibinitsep=\skip83
\bibparsep=\skip84
\bibhang=\skip85
\blx@bcfin=\read3
\blx@bcfout=\write4
\blx@langwohyphens=\language87
\c@mincomprange=\count327
\c@maxcomprange=\count328
\c@mincompwidth=\count329
Package biblatex Info: Trying to load biblatex default data model...
Package biblatex Info: ... file 'blx-dm.def' found.

(/usr/share/texlive/texmf-dist/tex/latex/biblatex/blx-dm.def
File: blx-dm.def 2022/02/02 v3.17 biblatex localization (PK/MW)
)
Package biblatex Info: Trying to load biblatex citestyle data model...
Package biblatex Info: ... file 'numeric-comp.dbx' not found.
Package biblatex Info: Trying to load biblatex custom data model...
Package biblatex Info: ... file 'biblatex-dm.cfg' not found.
\c@afterword=\count330
\c@savedafterword=\count331
\c@annotator=\count332
\c@savedannotator=\count333
\c@author=\count334
\c@savedauthor=\count335
\c@bookauthor=\count336
\c@savedbookauthor=\count337
\c@commentator=\count338
\c@savedcommentator=\count339
\c@editor=\count340
\c@savededitor=\count341
\c@editora=\count342
\c@savededitora=\count343
\c@editorb=\count344
\c@savededitorb=\count345
\c@editorc=\count346
\c@savededitorc=\count347
\c@foreword=\count348
\c@savedforeword=\count349
\c@holder=\count350
\c@savedholder=\count351
\c@introduction=\count352
\c@savedintroduction=\count353
\c@namea=\count354
\c@savednamea=\count355
\c@nameb=\count356
\c@savednameb=\count357
\c@namec=\count358
\c@savednamec=\count359
\c@translator=\count360
\c@savedtranslator=\count361
\c@shortauthor=\count362
\c@savedshortauthor=\count363
\c@shorteditor=\count364
\c@savedshorteditor=\count365
\c@labelname=\count366
\c@savedlabelname=\count367
\c@institution=\count368
\c@savedinstitution=\count369
\c@lista=\count370
\c@savedlista=\count371
\c@listb=\count372
\c@savedlistb=\count373
\c@listc=\count374
\c@savedlistc=\count375
\c@listd=\count376
\c@savedlistd=\count377
\c@liste=\count378
\c@savedliste=\count379
\c@listf=\count380
\c@savedlistf=\count381
\c@location=\count382
\c@savedlocation=\count383
\c@organization=\count384
\c@savedorganization=\count385
\c@origlocation=\count386
\c@savedoriglocation=\count387
\c@origpublisher=\count388
\c@savedorigpublisher=\count389
\c@publisher=\count390
\c@savedpublisher=\count391
\c@language=\count392
\c@savedlanguage=\count393
\c@origlanguage=\count394
\c@savedoriglanguage=\count395
\c@pageref=\count396
\c@savedpageref=\count397
\shorthandwidth=\skip86
\shortjournalwidth=\skip87
\shortserieswidth=\skip88
\shorttitlewidth=\skip89
\shortauthorwidth=\skip90
\shorteditorwidth=\skip91
\locallabelnumberwidth=\skip92
\locallabelalphawidth=\skip93
\localshorthandwidth=\skip94
\localshortjournalwidth=\skip95
\localshortserieswidth=\skip96
\localshorttitlewidth=\skip97
\localshortauthorwidth=\skip98
\localshorteditorwidth=\skip99
Package biblatex Info: Trying to load compatibility code...
Package biblatex Info: ... file 'blx-compat.def' found.

(/usr/share/texlive/texmf-dist/tex/latex/biblatex/blx-compat.def
File: blx-compat.def 2022/02/02 v3.17 biblatex compatibility (PK/MW)
)
Package biblatex Info: Trying to load generic definitions...
Package biblatex Info: ... file 'biblatex.def' found.

(/usr/share/texlive/texmf-dist/tex/latex/biblatex/biblatex.def
File: biblatex.def 2022/02/02 v3.17 biblatex compatibility (PK/MW)
\c@textcitecount=\count398
\c@textcitetotal=\count399
\c@textcitemaxnames=\count400
\c@biburlbigbreakpenalty=\count401
\c@biburlbreakpenalty=\count402
\c@biburlnumpenalty=\count403
\c@biburlucpenalty=\count404
\c@biburllcpenalty=\count405
\biburlbigskip=\muskip17
\biburlnumskip=\muskip18
\biburlucskip=\muskip19
\biburllcskip=\muskip20
\c@smartand=\count406
)
Package biblatex Info: Trying to load bibliography style 'numeric-comp'...
Package biblatex Info: ... file 'numeric-comp.bbx' found.

(/usr/share/texlive/texmf-dist/tex/latex/biblatex/bbx/numeric-comp.bbx
File: numeric-comp.bbx 2022/02/02 v3.17 biblatex bibliography style (PK/MW)
Package biblatex Info: Trying to load bibliography style 'numeric'...
Package biblatex Info: ... file 'numeric.bbx' found.

(/usr/share/texlive/texmf-dist/tex/latex/biblatex/bbx/numeric.bbx
File: numeric.bbx 2022/02/02 v3.17 biblatex bibliography style (PK/MW)
Package biblatex Info: Trying to load bibliography style 'standard'...
Package biblatex Info: ... file 'standard.bbx' found.

(/usr/share/texlive/texmf-dist/tex/latex/biblatex/bbx/standard.bbx
File: standard.bbx 2022/02/02 v3.17 biblatex bibliography style (PK/MW)
\c@bbx:relatedcount=\count407
\c@bbx:relatedtotal=\count408
)))
Package biblatex Info: Trying to load citation style 'numeric-comp'...
Package biblatex Info: ... file 'numeric-comp.cbx' found.

(/usr/share/texlive/texmf-dist/tex/latex/biblatex/cbx/numeric-comp.cbx
File: numeric-comp.cbx 2022/02/02 v3.17 biblatex citation style (PK/MW)
\c@cbx@tempcnta=\count409
\c@cbx@tempcntb=\count410
\c@cbx@tempcntc=\count411
\c@cbx@tempcntd=\count412
Package biblatex Info: Redefining '\cite'.
Package biblatex Info: Redefining '\parencite'.
Package biblatex Info: Redefining '\footcite'.
Package biblatex Info: Redefining '\footcitetext'.
Package biblatex Info: Redefining '\smartcite'.
Package biblatex Info: Redefining '\supercite'.
Package biblatex Info: Redefining '\textcite'.
Package biblatex Info: Redefining '\textcites'.
Package biblatex Info: Redefining '\cites'.
Package biblatex Info: Redefining '\parencites'.
Package biblatex Info: Redefining '\smartcites'.
)
Package biblatex Info: Trying to load configuration file...
Package biblatex Info: ... file 'biblatex.cfg' found.

(/usr/share/texlive/texmf-dist/tex/latex/biblatex/biblatex.cfg
File: biblatex.cfg 
)
Package biblatex Info: Input encoding 'utf8' detected.
Package biblatex Info: Document encoding is UTF8 ....

(/usr/share/texlive/texmf-dist/tex/latex/l3kernel/expl3.sty
Package: expl3 2022-01-21 L3 programming layer (loader) 

(/usr/share/texlive/texmf-dist/tex/latex/l3backend/l3backend-pdftex.def
File: l3backend-pdftex.def 2022-01-12 L3 backend support: PDF output (pdfTeX)
\l__color_backend_stack_int=\count413
\l__pdf_internal_box=\box54
))
Package biblatex Info: ... and expl3
(biblatex)             2022-01-21 L3 programming layer (loader) 
(biblatex)             is new enough (at least 2020/04/06),
(biblatex)             setting 'casechanger=expl3'.

(/usr/share/texlive/texmf-dist/tex/latex/biblatex/blx-case-expl3.sty
(/usr/share/texlive/texmf-dist/tex/latex/l3packages/xparse/xparse.sty
Package: xparse 2022-01-12 L3 Experimental document command parser
)
Package: blx-case-expl3 2022/02/02 v3.17 expl3 case changing code for biblatex
))
(/usr/share/texlive/texmf-dist/tex/latex/amsmath/amsmath.sty
Package: amsmath 2021/10/15 v2.17l AMS math features
\@mathmargin=\skip100

For additional information on amsmath, use the `?' option.
(/usr/share/texlive/texmf-dist/tex/latex/amsmath/amstext.sty
Package: amstext 2021/08/26 v2.01 AMS text

(/usr/share/texlive/texmf-dist/tex/latex/amsmath/amsgen.sty
File: amsgen.sty 1999/11/30 v2.0 generic functions
\@emptytoks=\toks19
\ex@=\dimen146
))
(/usr/share/texlive/texmf-dist/tex/latex/amsmath/amsbsy.sty
Package: amsbsy 1999/11/29 v1.2d Bold Symbols
\pmbraise@=\dimen147
)
(/usr/share/texlive/texmf-dist/tex/latex/amsmath/amsopn.sty
Package: amsopn 2021/08/26 v2.02 operator names
)
\inf@bad=\count414
LaTeX Info: Redefining \frac on input line 234.
\uproot@=\count415
\leftroot@=\count416
LaTeX Info: Redefining \overline on input line 399.
\classnum@=\count417
\DOTSCASE@=\count418
LaTeX Info: Redefining \ldots on input line 496.
LaTeX Info: Redefining \dots on input line 499.
LaTeX Info: Redefining \cdots on input line 620.
\Mathstrutbox@=\box55
\strutbox@=\box56
\big@size=\dimen148
LaTeX Font Info:    Redeclaring font encoding OML on input line 743.
LaTeX Font Info:    Redeclaring font encoding OMS on input line 744.
\macc@depth=\count419
\c@MaxMatrixCols=\count420
\dotsspace@=\muskip21
\c@parentequation=\count421
\dspbrk@lvl=\count422
\tag@help=\toks20
\row@=\count423
\column@=\count424
\maxfields@=\count425
\andhelp@=\toks21
\eqnshift@=\dimen149
\alignsep@=\dimen150
\tagshift@=\dimen151
\tagwidth@=\dimen152
\totwidth@=\dimen153
\lineht@=\dimen154
\@envbody=\toks22
\multlinegap=\skip101
\multlinetaggap=\skip102
\mathdisplay@stack=\toks23
LaTeX Info: Redefining \[ on input line 2938.
LaTeX Info: Redefining \] on input line 2939.
)
(/usr/share/texlive/texmf-dist/tex/latex/units/nicefrac.sty
Package: nicefrac 1998/08/04 v0.9b Nice fractions
\L@UnitsRaiseDisplaystyle=\skip103
\L@UnitsRaiseTextstyle=\skip104
\L@UnitsRaiseScriptstyle=\skip105
)
(/usr/share/texlive/texmf-dist/tex/latex/tools/bm.sty
Package: bm 2021/04/25 v1.2e Bold Symbol Support (DPC/FMi)
\symboldoperators=\mathgroup4
\symboldletters=\mathgroup5
\symboldsymbols=\mathgroup6
Package bm Info: No bold for \OMX/cmex/m/n, using \pmb.
LaTeX Font Info:    Redeclaring math alphabet \mathbf on input line 149.
)
(/usr/share/texlive/texmf-dist/tex/latex/mathtools/mathtools.sty
Package: mathtools 2021/02/02 v1.28 mathematical typesetting tools

(/usr/share/texlive/texmf-dist/tex/latex/mathtools/mhsetup.sty
Package: mhsetup 2021/03/18 v1.4 programming setup (MH)
)
\g_MT_multlinerow_int=\count426
\l_MT_multwidth_dim=\dimen155
\origjot=\skip106
\l_MT_shortvdotswithinadjustabove_dim=\dimen156
\l_MT_shortvdotswithinadjustbelow_dim=\dimen157
\l_MT_above_intertext_sep=\dimen158
\l_MT_below_intertext_sep=\dimen159
\l_MT_above_shortintertext_sep=\dimen160
\l_MT_below_shortintertext_sep=\dimen161
\xmathstrut@box=\box57
\xmathstrut@dim=\dimen162
)
(/usr/share/texlive/texmf-dist/tex/latex/caption/subcaption.sty
Package: subcaption 2020/10/07 v1.3j Sub-captions (AR)

(/usr/share/texlive/texmf-dist/tex/latex/caption/caption.sty
Package: caption 2020/10/26 v3.5g Customizing captions (AR)

(/usr/share/texlive/texmf-dist/tex/latex/caption/caption3.sty
Package: caption3 2020/10/21 v2.2e caption3 kernel (AR)
\captionmargin=\dimen163
\captionmargin@=\dimen164
\captionwidth=\dimen165
\caption@tempdima=\dimen166
\caption@indent=\dimen167
\caption@parindent=\dimen168
\caption@hangindent=\dimen169
Package caption Info: KOMA-Script document class detected.

(/usr/share/texlive/texmf-dist/tex/latex/caption/caption-koma.sto
File: caption-koma.sto 2020/09/21 v2.0b Adaption of the caption package to the 
KOMA-Script document classes (AR)
))
\c@caption@flags=\count427
\c@continuedfloat=\count428
Package caption Info: hyperref package is loaded.
)
\c@subfigure=\count429
\c@subtable=\count430
)
(/usr/share/texlive/texmf-dist/tex/latex/booktabs/booktabs.sty
Package: booktabs 2020/01/12 v1.61803398 Publication quality tables
\heavyrulewidth=\dimen170
\lightrulewidth=\dimen171
\cmidrulewidth=\dimen172
\belowrulesep=\dimen173
\belowbottomsep=\dimen174
\aboverulesep=\dimen175
\abovetopsep=\dimen176
\cmidrulesep=\dimen177
\cmidrulekern=\dimen178
\defaultaddspace=\dimen179
\@cmidla=\count431
\@cmidlb=\count432
\@aboverulesep=\dimen180
\@belowrulesep=\dimen181
\@thisruleclass=\count433
\@lastruleclass=\count434
\@thisrulewidth=\dimen182
)
(/usr/share/texlive/texmf-dist/tex/latex/multirow/multirow.sty
Package: multirow 2021/03/15 v2.8 Span multiple rows of a table
\multirow@colwidth=\skip107
\multirow@cntb=\count435
\multirow@dima=\skip108
\bigstrutjot=\dimen183
)
(/usr/share/texlive/texmf-dist/tex/latex/tools/xspace.sty
Package: xspace 2014/10/28 v1.13 Space after command names (DPC,MH)
)
(/usr/share/texlive/texmf-dist/tex/generic/babel/babel.sty
Package: babel 2022/01/26 3.70 The Babel package
\babel@savecnt=\count436
\U@D=\dimen184
\l@unhyphenated=\language88

(/usr/share/texlive/texmf-dist/tex/generic/babel/txtbabel.def)
\bbl@readstream=\read4
\bbl@dirlevel=\count437

(/usr/share/texlive/texmf-dist/tex/generic/babel-english/british.ldf
Language: british 2017/06/06 v3.3r English support from the babel system

(/usr/share/texlive/texmf-dist/tex/generic/babel-english/english.ldf
Language: english 2017/06/06 v3.3r English support from the babel system
Package babel Info: Hyphen rules for 'canadian' set to \l@english
(babel)             (\language0). Reported on input line 102.
Package babel Info: Hyphen rules for 'australian' set to \l@ukenglish
(babel)             (\language47). Reported on input line 105.
Package babel Info: Hyphen rules for 'newzealand' set to \l@ukenglish
(babel)             (\language47). Reported on input line 108.
)))
(/usr/share/texlive/texmf-dist/tex/latex/csquotes/csquotes.sty
Package: csquotes 2021-02-22 v5.2l context-sensitive quotations (JAW)
\csq@reset=\count438
\csq@gtype=\count439
\csq@glevel=\count440
\csq@qlevel=\count441
\csq@maxlvl=\count442
\csq@tshold=\count443
\csq@ltx@everypar=\toks24

(/usr/share/texlive/texmf-dist/tex/latex/csquotes/csquotes.def
File: csquotes.def 2021-02-22 v5.2l csquotes generic definitions (JAW)
)
Package csquotes Info: Trying to load configuration file 'csquotes.cfg'...
Package csquotes Info: ... configuration file loaded successfully.

(/usr/share/texlive/texmf-dist/tex/latex/csquotes/csquotes.cfg
File: csquotes.cfg 
))
(/usr/share/texlive/texmf-dist/tex/latex/microtype/microtype.sty
Package: microtype 2021/12/10 v3.0b Micro-typographical refinements (RS)
\MT@toks=\toks25
\MT@count=\count444
\MT@tempbox=\box58
LaTeX Info: Redefining \leftprotrusion on input line 1010.
LaTeX Info: Redefining \rightprotrusion on input line 1018.
LaTeX Info: Redefining \textls on input line 1173.
\MT@outer@kern=\dimen185
LaTeX Info: Redefining \textmicrotypecontext on input line 1759.
\MT@listname@count=\count445

(/usr/share/texlive/texmf-dist/tex/latex/microtype/microtype-pdftex.def
File: microtype-pdftex.def 2021/12/10 v3.0b Definitions specific to pdftex (RS)

LaTeX Info: Redefining \lsstyle on input line 897.
LaTeX Info: Redefining \lslig on input line 897.
\MT@outer@space=\skip109
)
Package microtype Info: Loading configuration file microtype.cfg.

(/usr/share/texlive/texmf-dist/tex/latex/microtype/microtype.cfg
File: microtype.cfg 2021/12/10 v3.0b microtype main configuration file (RS)
))
(/usr/share/texlive/texmf-dist/tex/latex/amsfonts/amssymb.sty
Package: amssymb 2013/01/14 v3.01 AMS font symbols

(/usr/share/texlive/texmf-dist/tex/latex/amsfonts/amsfonts.sty
Package: amsfonts 2013/01/14 v3.01 Basic AMSFonts support
\symAMSa=\mathgroup7
\symAMSb=\mathgroup8
LaTeX Font Info:    Redeclaring math symbol \hbar on input line 98.
LaTeX Font Info:    Overwriting math alphabet `\mathfrak' in version `bold'
(Font)                  U/euf/m/n --> U/euf/b/n on input line 106.
))
(/usr/share/texlive/texmf-dist/tex/latex/koma-script/scrlayer-scrpage.sty
Package: scrlayer-scrpage 2021/11/13 v3.35 KOMA-Script package (end user interf
ace for scrlayer)

(/usr/share/texlive/texmf-dist/tex/latex/koma-script/scrlayer.sty
Package: scrlayer 2021/11/13 v3.35 KOMA-Script package (defining layers and pag
e styles)
Package scrlayer Info: Using already defined \footheight
(scrlayer)             hoping, that this is a length and
(scrlayer)             not only a macro on input line 136.
Package scrlayer Info: patching LaTeX kernel macro \pagestyle on input line 216
2.
)
Package scrlayer-scrpage Info: Makeing stand-alone element `pagehead' from
(scrlayer-scrpage)             alias to `pageheadfoot' on input line 1085.
Package scrlayer-scrpage Info: deactivating warning for font element
(scrlayer-scrpage)             `pagefoot' on input line 1109.
)
Package scrlayer-scrpage Info: auto-selection of `pagestyleset=KOMA-Script'.
)
(/usr/share/texlive/texmf-dist/tex/latex/algorithms/algorithm.sty
Package: algorithm 2009/08/24 v0.1 Document Style `algorithm' - floating enviro
nment

(/usr/share/texlive/texmf-dist/tex/latex/float/float.sty
Package: float 2001/11/08 v1.3d Float enhancements (AL)
\c@float@type=\count446
\float@exts=\toks26
\float@box=\box59
\@float@everytoks=\toks27
\@floatcapt=\box60
)
\@float@every@algorithm=\toks28
\c@algorithm=\count447
)
(/usr/share/texlive/texmf-dist/tex/latex/algorithmicx/algpseudocode.sty
Package: algpseudocode 

(/usr/share/texlive/texmf-dist/tex/latex/algorithmicx/algorithmicx.sty
Package: algorithmicx 2005/04/27 v1.2 Algorithmicx

Document Style algorithmicx 1.2 - a greatly improved `algorithmic' style
\c@ALG@line=\count448
\c@ALG@rem=\count449
\c@ALG@nested=\count450
\ALG@tlm=\skip110
\ALG@thistlm=\skip111
\c@ALG@Lnr=\count451
\c@ALG@blocknr=\count452
\c@ALG@storecount=\count453
\c@ALG@tmpcounter=\count454
\ALG@tmplength=\skip112
)
Document Style - pseudocode environments for use with the `algorithmicx' style
)
\largestimage=\box61
\largestimagea=\box62
\largestimageb=\box63
Package csquotes Info: Checking for multilingual support...
Package csquotes Info: ... found 'babel' package.
Package csquotes Info: Adjusting default style.
Package csquotes Info: Redefining alias 'default' -> 'british'.
 (./thesis.aux

LaTeX Warning: Label `fig:basic_isometries_isometric_matrix' multiply defined.


LaTeX Warning: Label `sub@fig:basic_isometries_isometric_matrix' multiply defin
ed.


LaTeX Warning: Label `fig:basic_isometries_isometric_matrix' multiply defined.


LaTeX Warning: Label `sub@fig:basic_isometries_isometric_matrix' multiply defin
ed.


LaTeX Warning: Label `fig:basic_isometries_isometric_matrix' multiply defined.


LaTeX Warning: Label `sub@fig:basic_isometries_isometric_matrix' multiply defin
ed.


LaTeX Warning: Label `fig:basic_isometries_isometric_matrix' multiply defined.


LaTeX Warning: Label `sub@fig:basic_isometries_isometric_matrix' multiply defin
ed.

)
\openout1 = `thesis.aux'.

LaTeX Font Info:    Checking defaults for OML/cmm/m/it on input line 29.
LaTeX Font Info:    ... okay on input line 29.
LaTeX Font Info:    Checking defaults for OMS/cmsy/m/n on input line 29.
LaTeX Font Info:    ... okay on input line 29.
LaTeX Font Info:    Checking defaults for OT1/cmr/m/n on input line 29.
LaTeX Font Info:    ... okay on input line 29.
LaTeX Font Info:    Checking defaults for T1/cmr/m/n on input line 29.
LaTeX Font Info:    ... okay on input line 29.
LaTeX Font Info:    Checking defaults for TS1/cmr/m/n on input line 29.
LaTeX Font Info:    ... okay on input line 29.
LaTeX Font Info:    Checking defaults for OMX/cmex/m/n on input line 29.
LaTeX Font Info:    ... okay on input line 29.
LaTeX Font Info:    Checking defaults for U/cmr/m/n on input line 29.
LaTeX Font Info:    ... okay on input line 29.
LaTeX Font Info:    Checking defaults for PD1/pdf/m/n on input line 29.
LaTeX Font Info:    ... okay on input line 29.
LaTeX Font Info:    Checking defaults for PU/pdf/m/n on input line 29.
LaTeX Font Info:    ... okay on input line 29.
Package scrbase Info: activating british \contentsname on input line 29.
Package scrbase Info: activating british \listfigurename on input line 29.
Package scrbase Info: activating british \listtablename on input line 29.
 (/usr/share/texlive/texmf-dist/tex/context/base/mkii/supp-pdf.mkii
[Loading MPS to PDF converter (version 2006.09.02).]
\scratchcounter=\count455
\scratchdimen=\dimen186
\scratchbox=\box64
\nofMPsegments=\count456
\nofMParguments=\count457
\everyMPshowfont=\toks29
\MPscratchCnt=\count458
\MPscratchDim=\dimen187
\MPnumerator=\count459
\makeMPintoPDFobject=\count460
\everyMPtoPDFconversion=\toks30
)
Package soulpos Info: Loading soulutf8 on input line 29.
 (/usr/share/texlive/texmf-dist/tex/generic/soulutf8/soulutf8.sty
Package: soulutf8 2019/12/15 v1.2 Permit use of UTF-8 characters in soul (HO)

(/usr/share/texlive/texmf-dist/tex/generic/soul/soul.sty
Package: soul 2003/11/17 v2.4 letterspacing/underlining (mf)
\SOUL@word=\toks31
\SOUL@lasttoken=\toks32
\SOUL@cmds=\toks33
\SOUL@buffer=\toks34
\SOUL@token=\toks35
\SOUL@spaceskip=\skip113
\SOUL@ttwidth=\dimen188
\SOUL@uldp=\dimen189
\SOUL@ulht=\dimen190
))
Package hyperref Info: Link coloring OFF on input line 29.

(/usr/share/texlive/texmf-dist/tex/latex/hyperref/nameref.sty
Package: nameref 2021-04-02 v2.47 Cross-referencing by name of section

(/usr/share/texlive/texmf-dist/tex/generic/gettitlestring/gettitlestring.sty
Package: gettitlestring 2019/12/15 v1.6 Cleanup title references (HO)
)
\c@section@level=\count461
)
LaTeX Info: Redefining \ref on input line 29.
LaTeX Info: Redefining \pageref on input line 29.
LaTeX Info: Redefining \nameref on input line 29.

(./thesis.out) (./thesis.out)
\@outlinefile=\write5
\openout5 = `thesis.out'.

Class scrbook Info: loading recommended package `bookmark'.
(scrbook)           Using `bookmark' together with `hyperref' is recommended,
(scrbook)           because of handling of possible bookmark level gaps.
(scrbook)           You can avoid loading `bookmark' with KOMA-Script option
(scrbook)           `bookmarkpackage=false' before \begin{document} and
(scrbook)           you can avoid this message adding:
(scrbook)             \usepackage{bookmark}
(scrbook)           before \begin{document} on input line 29.

(/usr/share/texlive/texmf-dist/tex/latex/bookmark/bookmark.sty
Package: bookmark 2020-11-06 v1.29 PDF bookmarks (HO)

(/usr/share/texlive/texmf-dist/tex/latex/bookmark/bkm-pdftex.def
File: bkm-pdftex.def 2020-11-06 v1.29 bookmark driver for pdfTeX (HO)
\BKM@id=\count462
))
Package biblatex Info: Trying to load language 'british'...
Package biblatex Info: ... file 'british.lbx' found.

(/usr/share/texlive/texmf-dist/tex/latex/biblatex/lbx/british.lbx
File: british.lbx 2022/02/02 v3.17 biblatex localization (PK/MW)
Package biblatex Info: Trying to load language 'english'...
Package biblatex Info: ... file 'english.lbx' found.

(/usr/share/texlive/texmf-dist/tex/latex/biblatex/lbx/english.lbx
File: english.lbx 2022/02/02 v3.17 biblatex localization (PK/MW)
))
Package biblatex Info: Input encoding 'utf8' detected.
Package biblatex Info: Automatic encoding selection.
(biblatex)             Assuming data encoding 'utf8'.
\openout4 = `thesis.bcf'.

Package biblatex Info: Trying to load bibliographic data...
Package biblatex Info: ... file 'thesis.bbl' found.

(./thesis.bbl)
Package biblatex Info: Reference section=0 on input line 29.
Package biblatex Info: Reference segment=0 on input line 29.
 (/usr/share/texlive/texmf-dist/tex/latex/graphics/graphicx.sty
Package: graphicx 2021/09/16 v1.2d Enhanced LaTeX Graphics (DPC,SPQR)

(/usr/share/texlive/texmf-dist/tex/latex/graphics/graphics.sty
Package: graphics 2021/03/04 v1.4d Standard LaTeX Graphics (DPC,SPQR)

(/usr/share/texlive/texmf-dist/tex/latex/graphics/trig.sty
Package: trig 2021/08/11 v1.11 sin cos tan (DPC)
)
(/usr/share/texlive/texmf-dist/tex/latex/graphics-cfg/graphics.cfg
File: graphics.cfg 2016/06/04 v1.11 sample graphics configuration
)
Package graphics Info: Driver file: pdftex.def on input line 107.
)
\Gin@req@height=\dimen191
\Gin@req@width=\dimen192
)
Package caption Info: Begin \AtBeginDocument code.
Package caption Info: float package is loaded.
Package caption Info: End \AtBeginDocument code.
LaTeX Info: Redefining \microtypecontext on input line 29.
Package microtype Info: Applying patch `item' on input line 29.
Package microtype Info: Applying patch `toc' on input line 29.


Package microtype Warning: Unable to apply patch `eqnum' on input line 29.

Package microtype Info: Applying patch `footnote' on input line 29.
Package microtype Info: Generating PDF output.
Package microtype Info: Character protrusion enabled (level 2).
Package microtype Info: Using default protrusion set `alltext'.
Package microtype Info: Automatic font expansion enabled (level 2),
(microtype)             stretch: 20, shrink: 20, step: 1, non-selected.
Package microtype Info: Using default expansion set `alltext-nott'.
LaTeX Info: Redefining \showhyphens on input line 29.
Package microtype Info: No adjustment of tracking.
Package microtype Info: No adjustment of interword spacing.
Package microtype Info: No adjustment of character kerning.
Package microtype Info: Redefining babel's language switching commands.
(/usr/share/texlive/texmf-dist/tex/latex/microtype/mt-cmr.cfg
File: mt-cmr.cfg 2013/05/19 v2.2 microtype config. file: Computer Modern Roman 
(RS)
)
(/usr/share/texlive/texmf-dist/tex/generic/stringenc/se-pdfdoc.def
File: se-pdfdoc.def 2019/11/29 v1.12 stringenc: PDFDocEncoding
)
Package microtype Info: Loading generic protrusion settings for font family
(microtype)             `cmss' (encoding: OT1).
(microtype)             For optimal results, create family-specific settings.
(microtype)             See the microtype manual for details.
<template/pictures/PH.pdf, id=4, 29.8716pt x 29.8716pt>
File: template/pictures/PH.pdf Graphic file (type pdf)
<use template/pictures/PH.pdf>
Package pdftex.def Info: template/pictures/PH.pdf  used on input line 31.
(pdftex.def)             Requested size: 28.45274pt x 28.45303pt.
<template/pictures/TUM.pdf, id=5, 53.24893pt x 28.45631pt>
File: template/pictures/TUM.pdf Graphic file (type pdf)
<use template/pictures/TUM.pdf>
Package pdftex.def Info: template/pictures/TUM.pdf  used on input line 31.
(pdftex.def)             Requested size: 53.20651pt x 28.43495pt.
LaTeX Font Info:    Trying to load font information for U+msa on input line 31.


(/usr/share/texlive/texmf-dist/tex/latex/amsfonts/umsa.fd
File: umsa.fd 2013/01/14 v3.01 AMS symbols A
)
(/usr/share/texlive/texmf-dist/tex/latex/microtype/mt-msa.cfg
File: mt-msa.cfg 2006/02/04 v1.1 microtype config. file: AMS symbols (a) (RS)
)
LaTeX Font Info:    Trying to load font information for U+msb on input line 31.


(/usr/share/texlive/texmf-dist/tex/latex/amsfonts/umsb.fd
File: umsb.fd 2013/01/14 v3.01 AMS symbols B
)
(/usr/share/texlive/texmf-dist/tex/latex/microtype/mt-msb.cfg
File: mt-msb.cfg 2005/06/01 v1.0 microtype config. file: AMS symbols (b) (RS)
) [1


\openout3 = `thesis.upa'.





{/var/lib/texmf/fonts/map/pdftex/updmap/pdftex.map} <./template/pictures/PH.pdf
> <./template/pictures/TUM.pdf>] [2

] [3]
Package hyperref Info: bookmark level for unknown lpcsec defaults to 0 on input
 line 51.
 [4]
Package tocbasic Info: character protrusion at toc deactivated on input line 53
.
 (./thesis.toc)
\tf@toc=\write6
\openout6 = `thesis.toc'.

 [5


] [6


]
chapter 1.

Class scrbook Warning: \float@addtolists detected!
(scrbook)              Implementation of \float@addtolist became
(scrbook)              deprecated in KOMA-Script v3.01 2008/11/14 and
(scrbook)              has been replaced by several more flexible
(scrbook)              features of package `tocbasic`.
(scrbook)              Since Version 3.12 support for deprecated
(scrbook)              \float@addtolist interface has been
(scrbook)              restricted to only some of the KOMA-Script
(scrbook)              features and been removed from others.
(scrbook)              Loading of package `scrhack' may help to
(scrbook)              avoid this warning, if you are using a
(scrbook)              a package that still implements the
(scrbook)              deprecated \float@addtolist interface.

[1


] [2


]
chapter 2.
(./chapters/Tensor_Networks/Tensor_Networks.tex
(./chapters/Tensor_Networks/basics.tex
<figures/tikz/Tensor_Networks/basic_diagrams/basic_diagrams_d.pdf, id=99, 78.00
041pt x 53.38043pt>
File: figures/tikz/Tensor_Networks/basic_diagrams/basic_diagrams_d.pdf Graphic 
file (type pdf)
<use figures/tikz/Tensor_Networks/basic_diagrams/basic_diagrams_d.pdf>
Package pdftex.def Info: figures/tikz/Tensor_Networks/basic_diagrams/basic_diag
rams_d.pdf  used on input line 13.
(pdftex.def)             Requested size: 78.0002pt x 53.38028pt.
<figures/tikz/Tensor_Networks/basic_diagrams/basic_diagrams_a.pdf, id=100, 21.0
0046pt x 21.00046pt>
File: figures/tikz/Tensor_Networks/basic_diagrams/basic_diagrams_a.pdf Graphic 
file (type pdf)
<use figures/tikz/Tensor_Networks/basic_diagrams/basic_diagrams_a.pdf>
Package pdftex.def Info: figures/tikz/Tensor_Networks/basic_diagrams/basic_diag
rams_a.pdf  used on input line 20.
(pdftex.def)             Requested size: 21.00038pt x 21.00038pt.
<figures/tikz/Tensor_Networks/basic_diagrams/basic_diagrams_b.pdf, id=101, 51.5
556pt x 21.00046pt>
File: figures/tikz/Tensor_Networks/basic_diagrams/basic_diagrams_b.pdf Graphic 
file (type pdf)
<use figures/tikz/Tensor_Networks/basic_diagrams/basic_diagrams_b.pdf>
Package pdftex.def Info: figures/tikz/Tensor_Networks/basic_diagrams/basic_diag
rams_b.pdf  used on input line 27.
(pdftex.def)             Requested size: 51.55545pt x 21.00038pt.
<figures/tikz/Tensor_Networks/basic_diagrams/basic_diagrams_c.pdf, id=102, 82.7
341pt x 21.00046pt>
File: figures/tikz/Tensor_Networks/basic_diagrams/basic_diagrams_c.pdf Graphic 
file (type pdf)
<use figures/tikz/Tensor_Networks/basic_diagrams/basic_diagrams_c.pdf>
Package pdftex.def Info: figures/tikz/Tensor_Networks/basic_diagrams/basic_diag
rams_c.pdf  used on input line 34.
(pdftex.def)             Requested size: 82.73389pt x 21.00038pt.
 [3 <./figures/tikz/Tensor_Networks/basic_diagrams/basic_diagrams_a.pdf> <./fig
ures/tikz/Tensor_Networks/basic_diagrams/basic_diagrams_b.pdf> <./figures/tikz/
Tensor_Networks/basic_diagrams/basic_diagrams_c.pdf> <./figures/tikz/Tensor_Net
works/basic_diagrams/basic_diagrams_d.pdf>] [4]
<figures/tikz/Tensor_Networks/basic_networks/basic_networks_c.pdf, id=171, 94.5
7433pt x 98.69774pt>
File: figures/tikz/Tensor_Networks/basic_networks/basic_networks_c.pdf Graphic 
file (type pdf)
<use figures/tikz/Tensor_Networks/basic_networks/basic_networks_c.pdf>
Package pdftex.def Info: figures/tikz/Tensor_Networks/basic_networks/basic_netw
orks_c.pdf  used on input line 74.
(pdftex.def)             Requested size: 94.57408pt x 98.6975pt.
<figures/tikz/Tensor_Networks/basic_networks/basic_networks_a.pdf, id=172, 60.9
999pt x 21.98615pt>
File: figures/tikz/Tensor_Networks/basic_networks/basic_networks_a.pdf Graphic 
file (type pdf)
<use figures/tikz/Tensor_Networks/basic_networks/basic_networks_a.pdf>
Package pdftex.def Info: figures/tikz/Tensor_Networks/basic_networks/basic_netw
orks_a.pdf  used on input line 81.
(pdftex.def)             Requested size: 60.99974pt x 21.98608pt.
<figures/tikz/Tensor_Networks/basic_networks/basic_networks_b.pdf, id=173, 112.
73418pt x 21.98615pt>
File: figures/tikz/Tensor_Networks/basic_networks/basic_networks_b.pdf Graphic 
file (type pdf)
<use figures/tikz/Tensor_Networks/basic_networks/basic_networks_b.pdf>
Package pdftex.def Info: figures/tikz/Tensor_Networks/basic_networks/basic_netw
orks_b.pdf  used on input line 88.
(pdftex.def)             Requested size: 112.73389pt x 21.98608pt.
LaTeX Font Info:    Trying to load font information for U+bbold on input line 1
00.
 (/usr/share/texlive/texmf-dist/tex/latex/bbold/Ubbold.fd) [5 <./figures/tikz/T
ensor_Networks/basic_networks/basic_networks_a.pdf> <./figures/tikz/Tensor_Netw
orks/basic_networks/basic_networks_b.pdf> <./figures/tikz/Tensor_Networks/basic
_networks/basic_networks_c.pdf>]
<figures/tikz/Tensor_Networks/basic_isometries/basic_isometries_a.pdf, id=210, 
61.99963pt x 21.00046pt>
File: figures/tikz/Tensor_Networks/basic_isometries/basic_isometries_a.pdf Grap
hic file (type pdf)
<use figures/tikz/Tensor_Networks/basic_isometries/basic_isometries_a.pdf>
Package pdftex.def Info: figures/tikz/Tensor_Networks/basic_isometries/basic_is
ometries_a.pdf  used on input line 110.
(pdftex.def)             Requested size: 61.99948pt x 21.00038pt.
<figures/tikz/Tensor_Networks/basic_isometries/basic_isometries_b.pdf, id=211, 
166.50005pt x 60.9999pt>
File: figures/tikz/Tensor_Networks/basic_isometries/basic_isometries_b.pdf Grap
hic file (type pdf)
<use figures/tikz/Tensor_Networks/basic_isometries/basic_isometries_b.pdf>
Package pdftex.def Info: figures/tikz/Tensor_Networks/basic_isometries/basic_is
ometries_b.pdf  used on input line 114.
(pdftex.def)             Requested size: 166.49963pt x 60.99974pt.
<figures/tikz/Tensor_Networks/basic_isometries/basic_isometries_c.pdf, id=212, 
121.00005pt x 60.9999pt>
File: figures/tikz/Tensor_Networks/basic_isometries/basic_isometries_c.pdf Grap
hic file (type pdf)
<use figures/tikz/Tensor_Networks/basic_isometries/basic_isometries_c.pdf>
Package pdftex.def Info: figures/tikz/Tensor_Networks/basic_isometries/basic_is
ometries_c.pdf  used on input line 118.
(pdftex.def)             Requested size: 120.99973pt x 60.99974pt.

Overfull \hbox (10.8166pt too wide) in paragraph at lines 110--119
 [] 
 []

<figures/tikz/Tensor_Networks/basic_isometries/basic_isometries_d.pdf, id=213, 
60.19087pt x 40.45213pt>
File: figures/tikz/Tensor_Networks/basic_isometries/basic_isometries_d.pdf Grap
hic file (type pdf)
<use figures/tikz/Tensor_Networks/basic_isometries/basic_isometries_d.pdf>
Package pdftex.def Info: figures/tikz/Tensor_Networks/basic_isometries/basic_is
ometries_d.pdf  used on input line 126.
(pdftex.def)             Requested size: 60.19072pt x 40.45203pt.
<figures/tikz/Tensor_Networks/basic_isometries/basic_isometries_e.pdf, id=214, 
137.63821pt x 95.11032pt>
File: figures/tikz/Tensor_Networks/basic_isometries/basic_isometries_e.pdf Grap
hic file (type pdf)
<use figures/tikz/Tensor_Networks/basic_isometries/basic_isometries_e.pdf>
Package pdftex.def Info: figures/tikz/Tensor_Networks/basic_isometries/basic_is
ometries_e.pdf  used on input line 130.
(pdftex.def)             Requested size: 137.63786pt x 95.11006pt.
) (./chapters/Tensor_Networks/tensor_decompositions.tex [6 <./figures/tikz/Tens
or_Networks/basic_isometries/basic_isometries_a.pdf> <./figures/tikz/Tensor_Net
works/basic_isometries/basic_isometries_b.pdf> <./figures/tikz/Tensor_Networks/
basic_isometries/basic_isometries_c.pdf> <./figures/tikz/Tensor_Networks/basic_
isometries/basic_isometries_d.pdf> <./figures/tikz/Tensor_Networks/basic_isomet
ries/basic_isometries_e.pdf>] [7]
<figures/Tensor_Networks/tensor_decomposition_diagrams.jpeg, id=313, 2130.96124
pt x 1003.75pt>
File: figures/Tensor_Networks/tensor_decomposition_diagrams.jpeg Graphic file (
type jpg)
<use figures/Tensor_Networks/tensor_decomposition_diagrams.jpeg>
Package pdftex.def Info: figures/Tensor_Networks/tensor_decomposition_diagrams.
jpeg  used on input line 38.
(pdftex.def)             Requested size: 318.67212pt x 150.09653pt.
)
(./chapters/Tensor_Networks/isometric_tensor_networks.tex [8 <./figures/Tensor_
Networks/tensor_decomposition_diagrams.jpeg>]
<figures/tikz/Tensor_Networks/contractions_of_isometric_tensor_networks/contrac
tions_of_isometric_tensor_networks_a.pdf, id=334, 285.01381pt x 75.6135pt>
File: figures/tikz/Tensor_Networks/contractions_of_isometric_tensor_networks/co
ntractions_of_isometric_tensor_networks_a.pdf Graphic file (type pdf)
<use figures/tikz/Tensor_Networks/contractions_of_isometric_tensor_networks/con
tractions_of_isometric_tensor_networks_a.pdf>
Package pdftex.def Info: figures/tikz/Tensor_Networks/contractions_of_isometric
_tensor_networks/contractions_of_isometric_tensor_networks_a.pdf  used on input
 line 19.
(pdftex.def)             Requested size: 285.0131pt x 75.6133pt.
<figures/tikz/Tensor_Networks/contractions_of_isometric_tensor_networks/contrac
tions_of_isometric_tensor_networks_b.pdf, id=335, 285.01381pt x 75.6135pt>
File: figures/tikz/Tensor_Networks/contractions_of_isometric_tensor_networks/co
ntractions_of_isometric_tensor_networks_b.pdf Graphic file (type pdf)
<use figures/tikz/Tensor_Networks/contractions_of_isometric_tensor_networks/con
tractions_of_isometric_tensor_networks_b.pdf>
Package pdftex.def Info: figures/tikz/Tensor_Networks/contractions_of_isometric
_tensor_networks/contractions_of_isometric_tensor_networks_b.pdf  used on input
 line 23.
(pdftex.def)             Requested size: 285.0131pt x 75.6133pt.
<figures/tikz/Tensor_Networks/contractions_of_isometric_tensor_networks/contrac
tions_of_isometric_tensor_networks_c.pdf, id=336, 379.18164pt x 234.32744pt>
File: figures/tikz/Tensor_Networks/contractions_of_isometric_tensor_networks/co
ntractions_of_isometric_tensor_networks_c.pdf Graphic file (type pdf)
<use figures/tikz/Tensor_Networks/contractions_of_isometric_tensor_networks/con
tractions_of_isometric_tensor_networks_c.pdf>
Package pdftex.def Info: figures/tikz/Tensor_Networks/contractions_of_isometric
_tensor_networks/contractions_of_isometric_tensor_networks_c.pdf  used on input
 line 27.
(pdftex.def)             Requested size: 379.18071pt x 234.32686pt.
)
(./chapters/Tensor_Networks/matrix_product_states.tex [9] [10 <./figures/tikz/T
ensor_Networks/contractions_of_isometric_tensor_networks/contractions_of_isomet
ric_tensor_networks_a.pdf> <./figures/tikz/Tensor_Networks/contractions_of_isom
etric_tensor_networks/contractions_of_isometric_tensor_networks_b.pdf> <./figur
es/tikz/Tensor_Networks/contractions_of_isometric_tensor_networks/contractions_
of_isometric_tensor_networks_c.pdf>]
<figures/tikz/Tensor_Networks/mps_basic/mps_basic.pdf, id=393, 232.46147pt x 73
.06999pt>
File: figures/tikz/Tensor_Networks/mps_basic/mps_basic.pdf Graphic file (type p
df)
<use figures/tikz/Tensor_Networks/mps_basic/mps_basic.pdf>
Package pdftex.def Info: figures/tikz/Tensor_Networks/mps_basic/mps_basic.pdf  
used on input line 18.
(pdftex.def)             Requested size: 232.46089pt x 73.0698pt.
<figures/tikz/Tensor_Networks/mps_canonical_form/mps_canonical_form_a.pdf, id=3
96, 361.02278pt x 73.06999pt>
File: figures/tikz/Tensor_Networks/mps_canonical_form/mps_canonical_form_a.pdf 
Graphic file (type pdf)
<use figures/tikz/Tensor_Networks/mps_canonical_form/mps_canonical_form_a.pdf>
Package pdftex.def Info: figures/tikz/Tensor_Networks/mps_canonical_form/mps_ca
nonical_form_a.pdf  used on input line 27.
(pdftex.def)             Requested size: 361.0219pt x 73.0698pt.
<figures/tikz/Tensor_Networks/mps_canonical_form/mps_canonical_form_b.pdf, id=3
97, 113.9999pt x 107.54478pt>
File: figures/tikz/Tensor_Networks/mps_canonical_form/mps_canonical_form_b.pdf 
Graphic file (type pdf)
<use figures/tikz/Tensor_Networks/mps_canonical_form/mps_canonical_form_b.pdf>
Package pdftex.def Info: figures/tikz/Tensor_Networks/mps_canonical_form/mps_ca
nonical_form_b.pdf  used on input line 31.
(pdftex.def)             Requested size: 113.9996pt x 107.54451pt.
<figures/tikz/Tensor_Networks/mps_canonical_form/mps_canonical_form_c.pdf, id=3
98, 113.9999pt x 107.54478pt>
File: figures/tikz/Tensor_Networks/mps_canonical_form/mps_canonical_form_c.pdf 
Graphic file (type pdf)
<use figures/tikz/Tensor_Networks/mps_canonical_form/mps_canonical_form_c.pdf>
Package pdftex.def Info: figures/tikz/Tensor_Networks/mps_canonical_form/mps_ca
nonical_form_c.pdf  used on input line 36.
(pdftex.def)             Requested size: 113.9996pt x 107.54451pt.
 [11 <./figures/tikz/Tensor_Networks/mps_basic/mps_basic.pdf>]
<figures/tikz/Tensor_Networks/mps_local_expectation_value/mps_local_expectation
_value.pdf, id=431, 364.55898pt x 107.54478pt>
File: figures/tikz/Tensor_Networks/mps_local_expectation_value/mps_local_expect
ation_value.pdf Graphic file (type pdf)
<use figures/tikz/Tensor_Networks/mps_local_expectation_value/mps_local_expecta
tion_value.pdf>
Package pdftex.def Info: figures/tikz/Tensor_Networks/mps_local_expectation_val
ue/mps_local_expectation_value.pdf  used on input line 56.
(pdftex.def)             Requested size: 364.55809pt x 107.54451pt.
 [12 <./figures/tikz/Tensor_Networks/mps_canonical_form/mps_canonical_form_a.pd
f> <./figures/tikz/Tensor_Networks/mps_canonical_form/mps_canonical_form_b.pdf>
 <./figures/tikz/Tensor_Networks/mps_canonical_form/mps_canonical_form_c.pdf>]
<figures/Tensor_Networks/mps_local_expectation_value_canonical.jpeg, id=494, 10
03.75pt x 1124.2pt>
File: figures/Tensor_Networks/mps_local_expectation_value_canonical.jpeg Graphi
c file (type jpg)
<use figures/Tensor_Networks/mps_local_expectation_value_canonical.jpeg>
Package pdftex.def Info: figures/Tensor_Networks/mps_local_expectation_value_ca
nonical.jpeg  used on input line 62.
(pdftex.def)             Requested size: 398.33864pt x 446.13834pt.


LaTeX Warning: Reference `fig' on page 13 undefined on input line 70.

[13 <./figures/tikz/Tensor_Networks/mps_local_expectation_value/mps_local_expec
tation_value.pdf>] [14 <./figures/Tensor_Networks/mps_local_expectation_value_c
anonical.jpeg>])
(./chapters/Tensor_Networks/isometric_tensor_product_states_2D.tex [15]
<figures/Tensor_Networks/PEPS_square.jpeg, id=541, 1003.75pt x 1003.75pt>
File: figures/Tensor_Networks/PEPS_square.jpeg Graphic file (type jpg)
<use figures/Tensor_Networks/PEPS_square.jpeg>
Package pdftex.def Info: figures/Tensor_Networks/PEPS_square.jpeg  used on inpu
t line 12.
(pdftex.def)             Requested size: 159.33302pt x 159.33205pt.
<figures/Tensor_Networks/isoTPS_square.jpeg, id=542, 1003.75pt x 1007.765pt>
File: figures/Tensor_Networks/isoTPS_square.jpeg Graphic file (type jpg)
<use figures/Tensor_Networks/isoTPS_square.jpeg>
Package pdftex.def Info: figures/Tensor_Networks/isoTPS_square.jpeg  used on in
put line 16.
(pdftex.def)             Requested size: 159.33302pt x 159.96938pt.

[16 <./figures/Tensor_Networks/PEPS_square.jpeg> <./figures/Tensor_Networks/iso
TPS_square.jpeg>]
<figures/Tensor_Networks/Moving_ortho_center.jpeg, id=569, 2391.93625pt x 1003.
75pt>
File: figures/Tensor_Networks/Moving_ortho_center.jpeg Graphic file (type jpg)
<use figures/Tensor_Networks/Moving_ortho_center.jpeg>
Package pdftex.def Info: figures/Tensor_Networks/Moving_ortho_center.jpeg  used
 on input line 29.
(pdftex.def)             Requested size: 119.50279pt x 50.14449pt.
<figures/Tensor_Networks/variational_MM.jpeg, id=570, 1933.2225pt x 1003.75pt>
File: figures/Tensor_Networks/variational_MM.jpeg Graphic file (type jpg)
<use figures/Tensor_Networks/variational_MM.jpeg>
Package pdftex.def Info: figures/Tensor_Networks/variational_MM.jpeg  used on i
nput line 33.
(pdftex.def)             Requested size: 239.0056pt x 124.09pt.
 [17 <./figures/Tensor_Networks/Moving_ortho_center.jpeg> <./figures/Tensor_Net
works/variational_MM.jpeg>]
<figures/Tensor_Networks/MM.jpeg, id=587, 2498.33376pt x 1003.75pt>
File: figures/Tensor_Networks/MM.jpeg Graphic file (type jpg)
<use figures/Tensor_Networks/MM.jpeg>
Package pdftex.def Info: figures/Tensor_Networks/MM.jpeg  used on input line 53
.
(pdftex.def)             Requested size: 318.67212pt x 128.0262pt.
<figures/Tensor_Networks/Tripartite_decomposition.jpeg, id=588, 4015.0pt x 917.
4275pt>
File: figures/Tensor_Networks/Tripartite_decomposition.jpeg Graphic file (type 
jpg)
<use figures/Tensor_Networks/Tripartite_decomposition.jpeg>
Package pdftex.def Info: figures/Tensor_Networks/Tripartite_decomposition.jpeg 
 used on input line 57.
(pdftex.def)             Requested size: 318.67212pt x 72.80774pt.


LaTeX Warning: Reference `sec:' on page 18 undefined on input line 61.

[18 <./figures/Tensor_Networks/MM.jpeg> <./figures/Tensor_Networks/Tripartite_d
ecomposition.jpeg>])) [19] [20


]
chapter 3.
(./chapters/disoTPS/disoTPS.tex (./chapters/disoTPS/network_structure.tex
<figures/Tensor_Networks/disoTPS.jpeg, id=634, 1003.75pt x 1003.75pt>
File: figures/Tensor_Networks/disoTPS.jpeg Graphic file (type jpg)
<use figures/Tensor_Networks/disoTPS.jpeg>
Package pdftex.def Info: figures/Tensor_Networks/disoTPS.jpeg  used on input li
ne 3.
(pdftex.def)             Requested size: 239.0056pt x 239.00574pt.
<figures/Tensor_Networks/disoTPS_onesite_expectation_value.jpeg, id=638, 1995.4
55pt x 1003.75pt>
File: figures/Tensor_Networks/disoTPS_onesite_expectation_value.jpeg Graphic fi
le (type jpg)
<use figures/Tensor_Networks/disoTPS_onesite_expectation_value.jpeg>
Package pdftex.def Info: figures/Tensor_Networks/disoTPS_onesite_expectation_va
lue.jpeg  used on input line 12.
(pdftex.def)             Requested size: 358.50233pt x 180.33025pt.

[21]
<figures/Tensor_Networks/disoTPS_twosite_expectation_value.jpeg, id=645, 1995.4
55pt x 1003.75pt>
File: figures/Tensor_Networks/disoTPS_twosite_expectation_value.jpeg Graphic fi
le (type jpg)
<use figures/Tensor_Networks/disoTPS_twosite_expectation_value.jpeg>
Package pdftex.def Info: figures/Tensor_Networks/disoTPS_twosite_expectation_va
lue.jpeg  used on input line 19.
(pdftex.def)             Requested size: 358.50233pt x 180.33025pt.
) [22 <./figures/Tensor_Networks/disoTPS.jpeg>] [23 <./figures/Tensor_Networks/
disoTPS_onesite_expectation_value.jpeg> <./figures/Tensor_Networks/disoTPS_twos
ite_expectation_value.jpeg>] (./chapters/disoTPS/YB_move.tex
<figures/Tensor_Networks/disoTPS_moving_ortho_surface.jpeg, id=660, 1540.75626p
t x 1002.74625pt>
File: figures/Tensor_Networks/disoTPS_moving_ortho_surface.jpeg Graphic file (t
ype jpg)
<use figures/Tensor_Networks/disoTPS_moving_ortho_surface.jpeg>
Package pdftex.def Info: figures/Tensor_Networks/disoTPS_moving_ortho_surface.j
peg  used on input line 3.
(pdftex.def)             Requested size: 358.50233pt x 233.3044pt.
 [24 <./figures/Tensor_Networks/disoTPS_moving_ortho_surface.jpeg>]
<figures/Tensor_Networks/YB_move_closeup.jpeg, id=670, 1787.67876pt x 1003.75pt
>
File: figures/Tensor_Networks/YB_move_closeup.jpeg Graphic file (type jpg)
<use figures/Tensor_Networks/YB_move_closeup.jpeg>
Package pdftex.def Info: figures/Tensor_Networks/YB_move_closeup.jpeg  used on 
input line 20.
(pdftex.def)             Requested size: 358.50233pt x 201.2825pt.


LaTeX Warning: Reference `' on page 25 undefined on input line 24.

[25 <./figures/Tensor_Networks/YB_move_closeup.jpeg>] [26]
Package hyperref Info: bookmark level for unknown algorithm defaults to 0 on in
put line 80.
<figures/disoTPS/YB_move_iterate_polar_a.jpeg, id=702, 2590.67876pt x 1003.75pt
>
File: figures/disoTPS/YB_move_iterate_polar_a.jpeg Graphic file (type jpg)
<use figures/disoTPS/YB_move_iterate_polar_a.jpeg>
Package pdftex.def Info: figures/disoTPS/YB_move_iterate_polar_a.jpeg  used on 
input line 104.
(pdftex.def)             Requested size: 278.83583pt x 108.02354pt.
<figures/disoTPS/YB_move_iterate_polar_b.jpeg, id=703, 2590.67876pt x 1003.75pt
>
File: figures/disoTPS/YB_move_iterate_polar_b.jpeg Graphic file (type jpg)
<use figures/disoTPS/YB_move_iterate_polar_b.jpeg>
Package pdftex.def Info: figures/disoTPS/YB_move_iterate_polar_b.jpeg  used on 
input line 108.
(pdftex.def)             Requested size: 278.83583pt x 108.02354pt.
<figures/disoTPS/YB_move_iterate_polar_c.jpeg, id=704, 2590.67876pt x 1003.75pt
>
File: figures/disoTPS/YB_move_iterate_polar_c.jpeg Graphic file (type jpg)
<use figures/disoTPS/YB_move_iterate_polar_c.jpeg>
Package pdftex.def Info: figures/disoTPS/YB_move_iterate_polar_c.jpeg  used on 
input line 112.
(pdftex.def)             Requested size: 278.83583pt x 108.02354pt.
<figures/disoTPS/YB_move_iterate_polar_d.jpeg, id=705, 2590.67876pt x 1003.75pt
>
File: figures/disoTPS/YB_move_iterate_polar_d.jpeg Graphic file (type jpg)
<use figures/disoTPS/YB_move_iterate_polar_d.jpeg>
Package pdftex.def Info: figures/disoTPS/YB_move_iterate_polar_d.jpeg  used on 
input line 116.
(pdftex.def)             Requested size: 278.83583pt x 108.02354pt.
)
(./chapters/disoTPS/TEBD.tex)) [27] [28 <./figures/disoTPS/YB_move_iterate_pola
r_a.jpeg> <./figures/disoTPS/YB_move_iterate_polar_b.jpeg> <./figures/disoTPS/Y
B_move_iterate_polar_c.jpeg> <./figures/disoTPS/YB_move_iterate_polar_d.jpeg>]
chapter 4.
(./chapters/Toric_Code/Toric_Code.tex) [29


] [30


]
chapter 5.
(./chapters/TFI/TFI.tex) [31] [32


]
chapter A.
(./chapters/Riemannian_Optimization/Riemannian_Optimization.tex
(./chapters/Riemannian_Optimization/Stiefel_manifold.tex [33])
(./chapters/Riemannian_Optimization/basic_definitions.tex)) [34] [35] [36


]
chapter B.
[37] [38


]
chapter without number
Package microtype Info: Loading generic protrusion settings for font family
(microtype)             `cmtt' (encoding: OT1).
(microtype)             For optimal results, create family-specific settings.
(microtype)             See the microtype manual for details.
[39


] [40] [41] (./thesis.aux
* soulpos - computing points - it may take a few seconds *
\openout3 = `thesis.upb'.

 (./thesis.upa))

LaTeX Warning: There were undefined references.


LaTeX Warning: There were multiply-defined labels.

Package rerunfilecheck Info: File `thesis.out' has not changed.
(rerunfilecheck)             Checksum: D41D8CD98F00B204E9800998ECF8427E;0.
Package logreq Info: Writing requests to 'thesis.run.xml'.
\openout1 = `thesis.run.xml'.

 ) 
Here is how much of TeX's memory you used:
 33786 strings out of 478287
 683909 string characters out of 5849289
 1575741 words of memory out of 5000000
 51179 multiletter control sequences out of 15000+600000
 487915 words of font info for 150 fonts, out of 8000000 for 9000
 1141 hyphenation exceptions out of 8191
 122i,21n,145p,10686b,2453s stack positions out of 5000i,500n,10000p,200000b,80000s
</usr/share/texlive/texmf-dist/fonts/type1/public/bbold-type1/bbold10.pfb></u
sr/share/texlive/texmf-dist/fonts/type1/public/bbold-type1/bbold7.pfb></usr/sha
re/texlive/texmf-dist/fonts/type1/public/amsfonts/cm/cmbx10.pfb></usr/share/tex
live/texmf-dist/fonts/type1/public/amsfonts/cm/cmbx12.pfb></usr/share/texlive/t
exmf-dist/fonts/type1/public/amsfonts/cm/cmcsc10.pfb></usr/share/texlive/texmf-
dist/fonts/type1/public/amsfonts/cm/cmex10.pfb></usr/share/texlive/texmf-dist/f
onts/type1/public/amsfonts/cm/cmmi10.pfb></usr/share/texlive/texmf-dist/fonts/t
ype1/public/amsfonts/cm/cmmi6.pfb></usr/share/texlive/texmf-dist/fonts/type1/pu
blic/amsfonts/cm/cmmi7.pfb></usr/share/texlive/texmf-dist/fonts/type1/public/am
sfonts/cm/cmmi8.pfb></usr/share/texlive/texmf-dist/fonts/type1/public/amsfonts/
cm/cmmib10.pfb></usr/share/texlive/texmf-dist/fonts/type1/public/amsfonts/cm/cm
r10.pfb></usr/share/texlive/texmf-dist/fonts/type1/public/amsfonts/cm/cmr6.pfb>
</usr/share/texlive/texmf-dist/fonts/type1/public/amsfonts/cm/cmr7.pfb></usr/sh
are/texlive/texmf-dist/fonts/type1/public/amsfonts/cm/cmr8.pfb></usr/share/texl
ive/texmf-dist/fonts/type1/public/amsfonts/cm/cmsl10.pfb></usr/share/texlive/te
xmf-dist/fonts/type1/public/amsfonts/cm/cmss10.pfb></usr/share/texlive/texmf-di
st/fonts/type1/public/amsfonts/cm/cmss12.pfb></usr/share/texlive/texmf-dist/fon
ts/type1/public/amsfonts/cm/cmssbx10.pfb></usr/share/texlive/texmf-dist/fonts/t
ype1/public/amsfonts/cm/cmsy10.pfb></usr/share/texlive/texmf-dist/fonts/type1/p
ublic/amsfonts/cm/cmsy6.pfb></usr/share/texlive/texmf-dist/fonts/type1/public/a
msfonts/cm/cmsy7.pfb></usr/share/texlive/texmf-dist/fonts/type1/public/amsfonts
/cm/cmsy8.pfb></usr/share/texlive/texmf-dist/fonts/type1/public/amsfonts/cm/cmt
i10.pfb></usr/share/texlive/texmf-dist/fonts/type1/public/amsfonts/cm/cmtt10.pf
b></usr/share/texlive/texmf-dist/fonts/type1/public/amsfonts/symbols/msbm10.pfb
>
Output written on thesis.pdf (47 pages, 3003042 bytes).
PDF statistics:
 1039 PDF objects out of 1200 (max. 8388607)
 811 compressed objects within 9 object streams
 151 named destinations out of 1000 (max. 500000)
 39780 words of extra memory for PDF output out of 42996 (max. 10000000)

